<?xml version="1.0" encoding="UTF-8"?>
<!-- Generated by org.testng.reporters.JUnitReportReporter -->
<testsuite hostname="A-ABDELSATAR" failures="0" tests="2" name="pagesTests.LoginTest" time="8.532" errors="0" timestamp="26 Jan 2022 23:04:12 GMT">
  <testcase classname="pagesTests.LoginTest" name="Test1" time="4.257"/>
  <testcase classname="pagesTests.LoginTest" name="Test2" time="4.275"/>
</testsuite> <!-- pagesTests.LoginTest -->
