<?xml version="1.0" encoding="UTF-8"?>
<testsuite xmlns:xsi="http://www.w3.org/2001/XMLSchema-instance" xsi:noNamespaceSchemaLocation="https://maven.apache.org/surefire/maven-surefire-plugin/xsd/surefire-test-report.xsd" name="TestSuite" time="0.323" tests="27" errors="0" skipped="26" failures="1">
  <properties>
    <property name="java.specification.version" value="16"/>
    <property name="sun.cpu.isalist" value="amd64"/>
    <property name="sun.jnu.encoding" value="Cp1252"/>
    <property name="java.class.path" value="C:\Users\ahmed.abdelstar\eclipse-workspace\GAEB.AdminPanel\target\test-classes;C:\Users\ahmed.abdelstar\eclipse-workspace\GAEB.AdminPanel\target\classes;C:\Users\ahmed.abdelstar\.m2\repository\junit\junit\4.11\junit-4.11.jar;C:\Users\ahmed.abdelstar\.m2\repository\org\hamcrest\hamcrest-core\1.3\hamcrest-core-1.3.jar;C:\Users\ahmed.abdelstar\.m2\repository\io\github\bonigarcia\webdrivermanager\3.1.0\webdrivermanager-3.1.0.jar;C:\Users\ahmed.abdelstar\.m2\repository\com\google\code\gson\gson\2.8.5\gson-2.8.5.jar;C:\Users\ahmed.abdelstar\.m2\repository\org\apache\commons\commons-lang3\3.7\commons-lang3-3.7.jar;C:\Users\ahmed.abdelstar\.m2\repository\org\apache\httpcomponents\httpclient\4.5.5\httpclient-4.5.5.jar;C:\Users\ahmed.abdelstar\.m2\repository\org\rauschig\jarchivelib\0.8.0\jarchivelib-0.8.0.jar;C:\Users\ahmed.abdelstar\.m2\repository\org\apache\commons\commons-compress\1.14\commons-compress-1.14.jar;C:\Users\ahmed.abdelstar\.m2\repository\org\jsoup\jsoup\1.11.3\jsoup-1.11.3.jar;C:\Users\ahmed.abdelstar\.m2\repository\org\apache\logging\log4j\log4j-api\2.4\log4j-api-2.4.jar;C:\Users\ahmed.abdelstar\.m2\repository\org\apache\logging\log4j\log4j-core\2.4\log4j-core-2.4.jar;C:\Users\ahmed.abdelstar\.m2\repository\commons-io\commons-io\2.6\commons-io-2.6.jar;C:\Users\ahmed.abdelstar\.m2\repository\com\googlecode\json-simple\json-simple\1.1.1\json-simple-1.1.1.jar;C:\Users\ahmed.abdelstar\.m2\repository\org\seleniumhq\selenium\selenium-java\3.13.0\selenium-java-3.13.0.jar;C:\Users\ahmed.abdelstar\.m2\repository\org\seleniumhq\selenium\selenium-api\3.13.0\selenium-api-3.13.0.jar;C:\Users\ahmed.abdelstar\.m2\repository\org\seleniumhq\selenium\selenium-chrome-driver\3.13.0\selenium-chrome-driver-3.13.0.jar;C:\Users\ahmed.abdelstar\.m2\repository\org\seleniumhq\selenium\selenium-edge-driver\3.13.0\selenium-edge-driver-3.13.0.jar;C:\Users\ahmed.abdelstar\.m2\repository\org\seleniumhq\selenium\selenium-firefox-driver\3.13.0\selenium-firefox-driver-3.13.0.jar;C:\Users\ahmed.abdelstar\.m2\repository\org\seleniumhq\selenium\selenium-ie-driver\3.13.0\selenium-ie-driver-3.13.0.jar;C:\Users\ahmed.abdelstar\.m2\repository\org\seleniumhq\selenium\selenium-opera-driver\3.13.0\selenium-opera-driver-3.13.0.jar;C:\Users\ahmed.abdelstar\.m2\repository\org\seleniumhq\selenium\selenium-remote-driver\3.13.0\selenium-remote-driver-3.13.0.jar;C:\Users\ahmed.abdelstar\.m2\repository\org\seleniumhq\selenium\selenium-safari-driver\3.13.0\selenium-safari-driver-3.13.0.jar;C:\Users\ahmed.abdelstar\.m2\repository\org\seleniumhq\selenium\selenium-support\3.13.0\selenium-support-3.13.0.jar;C:\Users\ahmed.abdelstar\.m2\repository\net\bytebuddy\byte-buddy\1.8.3\byte-buddy-1.8.3.jar;C:\Users\ahmed.abdelstar\.m2\repository\org\apache\commons\commons-exec\1.3\commons-exec-1.3.jar;C:\Users\ahmed.abdelstar\.m2\repository\commons-codec\commons-codec\1.10\commons-codec-1.10.jar;C:\Users\ahmed.abdelstar\.m2\repository\commons-logging\commons-logging\1.2\commons-logging-1.2.jar;C:\Users\ahmed.abdelstar\.m2\repository\com\google\guava\guava\25.0-jre\guava-25.0-jre.jar;C:\Users\ahmed.abdelstar\.m2\repository\com\google\code\findbugs\jsr305\1.3.9\jsr305-1.3.9.jar;C:\Users\ahmed.abdelstar\.m2\repository\org\checkerframework\checker-compat-qual\2.0.0\checker-compat-qual-2.0.0.jar;C:\Users\ahmed.abdelstar\.m2\repository\com\google\errorprone\error_prone_annotations\2.1.3\error_prone_annotations-2.1.3.jar;C:\Users\ahmed.abdelstar\.m2\repository\com\google\j2objc\j2objc-annotations\1.1\j2objc-annotations-1.1.jar;C:\Users\ahmed.abdelstar\.m2\repository\org\codehaus\mojo\animal-sniffer-annotations\1.14\animal-sniffer-annotations-1.14.jar;C:\Users\ahmed.abdelstar\.m2\repository\org\apache\httpcomponents\httpcore\4.4.9\httpcore-4.4.9.jar;C:\Users\ahmed.abdelstar\.m2\repository\com\squareup\okhttp3\okhttp\3.10.0\okhttp-3.10.0.jar;C:\Users\ahmed.abdelstar\.m2\repository\com\squareup\okio\okio\1.14.1\okio-1.14.1.jar;C:\Users\ahmed.abdelstar\.m2\repository\org\testng\testng\6.8.8\testng-6.8.8.jar;C:\Users\ahmed.abdelstar\.m2\repository\org\beanshell\bsh\2.0b4\bsh-2.0b4.jar;C:\Users\ahmed.abdelstar\.m2\repository\com\beust\jcommander\1.27\jcommander-1.27.jar;C:\Users\ahmed.abdelstar\.m2\repository\io\appium\java-client\5.0.4\java-client-5.0.4.jar;C:\Users\ahmed.abdelstar\.m2\repository\cglib\cglib\3.2.5\cglib-3.2.5.jar;C:\Users\ahmed.abdelstar\.m2\repository\org\ow2\asm\asm\6.0_ALPHA\asm-6.0_ALPHA.jar;C:\Users\ahmed.abdelstar\.m2\repository\org\apache\ant\ant\1.9.6\ant-1.9.6.jar;C:\Users\ahmed.abdelstar\.m2\repository\org\apache\ant\ant-launcher\1.9.6\ant-launcher-1.9.6.jar;C:\Users\ahmed.abdelstar\.m2\repository\commons-validator\commons-validator\1.6\commons-validator-1.6.jar;C:\Users\ahmed.abdelstar\.m2\repository\commons-beanutils\commons-beanutils\1.9.2\commons-beanutils-1.9.2.jar;C:\Users\ahmed.abdelstar\.m2\repository\commons-digester\commons-digester\1.8.1\commons-digester-1.8.1.jar;C:\Users\ahmed.abdelstar\.m2\repository\commons-collections\commons-collections\3.2.2\commons-collections-3.2.2.jar;C:\Users\ahmed.abdelstar\.m2\repository\org\springframework\spring-context\5.0.0.RELEASE\spring-context-5.0.0.RELEASE.jar;C:\Users\ahmed.abdelstar\.m2\repository\org\springframework\spring-aop\5.0.0.RELEASE\spring-aop-5.0.0.RELEASE.jar;C:\Users\ahmed.abdelstar\.m2\repository\org\springframework\spring-beans\5.0.0.RELEASE\spring-beans-5.0.0.RELEASE.jar;C:\Users\ahmed.abdelstar\.m2\repository\org\springframework\spring-core\5.0.0.RELEASE\spring-core-5.0.0.RELEASE.jar;C:\Users\ahmed.abdelstar\.m2\repository\org\springframework\spring-jcl\5.0.0.RELEASE\spring-jcl-5.0.0.RELEASE.jar;C:\Users\ahmed.abdelstar\.m2\repository\org\springframework\spring-expression\5.0.0.RELEASE\spring-expression-5.0.0.RELEASE.jar;C:\Users\ahmed.abdelstar\.m2\repository\org\aspectj\aspectjweaver\1.8.11\aspectjweaver-1.8.11.jar;C:\Users\ahmed.abdelstar\.m2\repository\org\openpnp\opencv\3.2.0-1\opencv-3.2.0-1.jar;C:\Users\ahmed.abdelstar\.m2\repository\com\aventstack\extentreports\3.1.5\extentreports-3.1.5.jar;C:\Users\ahmed.abdelstar\.m2\repository\org\freemarker\freemarker\2.3.23\freemarker-2.3.23.jar;C:\Users\ahmed.abdelstar\.m2\repository\org\mongodb\mongodb-driver\3.3.0\mongodb-driver-3.3.0.jar;C:\Users\ahmed.abdelstar\.m2\repository\org\mongodb\bson\3.3.0\bson-3.3.0.jar;C:\Users\ahmed.abdelstar\.m2\repository\org\mongodb\mongodb-driver-core\3.3.0\mongodb-driver-core-3.3.0.jar;C:\Users\ahmed.abdelstar\.m2\repository\org\apache\httpcomponents\httpmime\4.5.2\httpmime-4.5.2.jar;C:\Users\ahmed.abdelstar\.m2\repository\com\relevantcodes\extentreports\2.41.2\extentreports-2.41.2.jar;C:\Users\ahmed.abdelstar\.m2\repository\org\xerial\sqlite-jdbc\3.8.11.1\sqlite-jdbc-3.8.11.1.jar;C:\Users\ahmed.abdelstar\.m2\repository\org\apache\poi\poi-ooxml\3.8-beta4\poi-ooxml-3.8-beta4.jar;C:\Users\ahmed.abdelstar\.m2\repository\org\apache\poi\poi\3.8-beta4\poi-3.8-beta4.jar;C:\Users\ahmed.abdelstar\.m2\repository\org\apache\poi\poi-ooxml-schemas\3.8-beta4\poi-ooxml-schemas-3.8-beta4.jar;C:\Users\ahmed.abdelstar\.m2\repository\org\apache\xmlbeans\xmlbeans\2.3.0\xmlbeans-2.3.0.jar;C:\Users\ahmed.abdelstar\.m2\repository\stax\stax-api\1.0.1\stax-api-1.0.1.jar;C:\Users\ahmed.abdelstar\.m2\repository\dom4j\dom4j\1.6.1\dom4j-1.6.1.jar;C:\Users\ahmed.abdelstar\.m2\repository\xml-apis\xml-apis\1.0.b2\xml-apis-1.0.b2.jar;C:\Users\ahmed.abdelstar\.m2\repository\io\rest-assured\rest-assured\3.0.0\rest-assured-3.0.0.jar;C:\Users\ahmed.abdelstar\.m2\repository\org\codehaus\groovy\groovy\2.4.6\groovy-2.4.6.jar;C:\Users\ahmed.abdelstar\.m2\repository\org\codehaus\groovy\groovy-xml\2.4.6\groovy-xml-2.4.6.jar;C:\Users\ahmed.abdelstar\.m2\repository\org\hamcrest\hamcrest-library\1.3\hamcrest-library-1.3.jar;C:\Users\ahmed.abdelstar\.m2\repository\org\ccil\cowan\tagsoup\tagsoup\1.2.1\tagsoup-1.2.1.jar;C:\Users\ahmed.abdelstar\.m2\repository\io\rest-assured\json-path\3.1.1\json-path-3.1.1.jar;C:\Users\ahmed.abdelstar\.m2\repository\org\codehaus\groovy\groovy-json\2.4.12\groovy-json-2.4.12.jar;C:\Users\ahmed.abdelstar\.m2\repository\io\rest-assured\rest-assured-common\3.1.1\rest-assured-common-3.1.1.jar;C:\Users\ahmed.abdelstar\.m2\repository\io\rest-assured\xml-path\3.1.1\xml-path-3.1.1.jar;C:\Users\ahmed.abdelstar\.m2\repository\javax\xml\bind\jaxb-api\2.2.12\jaxb-api-2.2.12.jar;C:\Users\ahmed.abdelstar\.m2\repository\io\rest-assured\json-schema-validator\3.1.1\json-schema-validator-3.1.1.jar;C:\Users\ahmed.abdelstar\.m2\repository\com\github\fge\json-schema-validator\2.2.6\json-schema-validator-2.2.6.jar;C:\Users\ahmed.abdelstar\.m2\repository\joda-time\joda-time\2.3\joda-time-2.3.jar;C:\Users\ahmed.abdelstar\.m2\repository\com\googlecode\libphonenumber\libphonenumber\6.2\libphonenumber-6.2.jar;C:\Users\ahmed.abdelstar\.m2\repository\com\github\fge\json-schema-core\1.2.5\json-schema-core-1.2.5.jar;C:\Users\ahmed.abdelstar\.m2\repository\com\github\fge\uri-template\0.9\uri-template-0.9.jar;C:\Users\ahmed.abdelstar\.m2\repository\com\github\fge\msg-simple\1.1\msg-simple-1.1.jar;C:\Users\ahmed.abdelstar\.m2\repository\com\github\fge\btf\1.2\btf-1.2.jar;C:\Users\ahmed.abdelstar\.m2\repository\com\github\fge\jackson-coreutils\1.8\jackson-coreutils-1.8.jar;C:\Users\ahmed.abdelstar\.m2\repository\com\fasterxml\jackson\core\jackson-databind\2.2.3\jackson-databind-2.2.3.jar;C:\Users\ahmed.abdelstar\.m2\repository\com\fasterxml\jackson\core\jackson-annotations\2.2.3\jackson-annotations-2.2.3.jar;C:\Users\ahmed.abdelstar\.m2\repository\com\fasterxml\jackson\core\jackson-core\2.2.3\jackson-core-2.2.3.jar;C:\Users\ahmed.abdelstar\.m2\repository\org\mozilla\rhino\1.7R4\rhino-1.7R4.jar;C:\Users\ahmed.abdelstar\.m2\repository\javax\mail\mailapi\1.4.3\mailapi-1.4.3.jar;C:\Users\ahmed.abdelstar\.m2\repository\javax\activation\activation\1.1\activation-1.1.jar;C:\Users\ahmed.abdelstar\.m2\repository\net\sf\jopt-simple\jopt-simple\4.6\jopt-simple-4.6.jar;C:\Users\ahmed.abdelstar\.m2\repository\io\rest-assured\spring-mock-mvc\3.1.1\spring-mock-mvc-3.1.1.jar;C:\Users\ahmed.abdelstar\.m2\repository\org\springframework\spring-test\4.2.6.RELEASE\spring-test-4.2.6.RELEASE.jar;C:\Users\ahmed.abdelstar\.m2\repository\org\springframework\spring-webmvc\4.2.6.RELEASE\spring-webmvc-4.2.6.RELEASE.jar;C:\Users\ahmed.abdelstar\.m2\repository\org\springframework\spring-web\4.2.6.RELEASE\spring-web-4.2.6.RELEASE.jar;C:\Users\ahmed.abdelstar\.m2\repository\io\rest-assured\scala-support\3.1.1\scala-support-3.1.1.jar;C:\Users\ahmed.abdelstar\.m2\repository\org\scala-lang\scala-library\2.11.12\scala-library-2.11.12.jar;C:\Users\ahmed.abdelstar\.m2\repository\org\slf4j\slf4j-api\1.8.0-beta4\slf4j-api-1.8.0-beta4.jar;C:\Users\ahmed.abdelstar\.m2\repository\org\slf4j\slf4j-simple\1.8.0-beta4\slf4j-simple-1.8.0-beta4.jar;"/>
    <property name="java.vm.vendor" value="Oracle Corporation"/>
    <property name="sun.arch.data.model" value="64"/>
    <property name="user.variant" value=""/>
    <property name="java.vendor.url" value="https://java.oracle.com/"/>
    <property name="user.timezone" value="Africa/Cairo"/>
    <property name="os.name" value="Windows 10"/>
    <property name="java.vm.specification.version" value="16"/>
    <property name="sun.java.launcher" value="SUN_STANDARD"/>
    <property name="user.country" value="US"/>
    <property name="sun.boot.library.path" value="C:\Program Files\Java\jdk-16.0.2\bin"/>
    <property name="sun.java.command" value="C:\Users\AHMED~1.ABD\AppData\Local\Temp\surefire7348821654905221961\surefirebooter2884682520277910240.jar C:\Users\ahmed.abdelstar\AppData\Local\Temp\surefire7348821654905221961 2022-01-12T17-17-21_340-jvmRun1 surefire1896581480325403008tmp surefire_013332902391133557886tmp"/>
    <property name="jdk.debug" value="release"/>
    <property name="surefire.test.class.path" value="C:\Users\ahmed.abdelstar\eclipse-workspace\GAEB.AdminPanel\target\test-classes;C:\Users\ahmed.abdelstar\eclipse-workspace\GAEB.AdminPanel\target\classes;C:\Users\ahmed.abdelstar\.m2\repository\junit\junit\4.11\junit-4.11.jar;C:\Users\ahmed.abdelstar\.m2\repository\org\hamcrest\hamcrest-core\1.3\hamcrest-core-1.3.jar;C:\Users\ahmed.abdelstar\.m2\repository\io\github\bonigarcia\webdrivermanager\3.1.0\webdrivermanager-3.1.0.jar;C:\Users\ahmed.abdelstar\.m2\repository\com\google\code\gson\gson\2.8.5\gson-2.8.5.jar;C:\Users\ahmed.abdelstar\.m2\repository\org\apache\commons\commons-lang3\3.7\commons-lang3-3.7.jar;C:\Users\ahmed.abdelstar\.m2\repository\org\apache\httpcomponents\httpclient\4.5.5\httpclient-4.5.5.jar;C:\Users\ahmed.abdelstar\.m2\repository\org\rauschig\jarchivelib\0.8.0\jarchivelib-0.8.0.jar;C:\Users\ahmed.abdelstar\.m2\repository\org\apache\commons\commons-compress\1.14\commons-compress-1.14.jar;C:\Users\ahmed.abdelstar\.m2\repository\org\jsoup\jsoup\1.11.3\jsoup-1.11.3.jar;C:\Users\ahmed.abdelstar\.m2\repository\org\apache\logging\log4j\log4j-api\2.4\log4j-api-2.4.jar;C:\Users\ahmed.abdelstar\.m2\repository\org\apache\logging\log4j\log4j-core\2.4\log4j-core-2.4.jar;C:\Users\ahmed.abdelstar\.m2\repository\commons-io\commons-io\2.6\commons-io-2.6.jar;C:\Users\ahmed.abdelstar\.m2\repository\com\googlecode\json-simple\json-simple\1.1.1\json-simple-1.1.1.jar;C:\Users\ahmed.abdelstar\.m2\repository\org\seleniumhq\selenium\selenium-java\3.13.0\selenium-java-3.13.0.jar;C:\Users\ahmed.abdelstar\.m2\repository\org\seleniumhq\selenium\selenium-api\3.13.0\selenium-api-3.13.0.jar;C:\Users\ahmed.abdelstar\.m2\repository\org\seleniumhq\selenium\selenium-chrome-driver\3.13.0\selenium-chrome-driver-3.13.0.jar;C:\Users\ahmed.abdelstar\.m2\repository\org\seleniumhq\selenium\selenium-edge-driver\3.13.0\selenium-edge-driver-3.13.0.jar;C:\Users\ahmed.abdelstar\.m2\repository\org\seleniumhq\selenium\selenium-firefox-driver\3.13.0\selenium-firefox-driver-3.13.0.jar;C:\Users\ahmed.abdelstar\.m2\repository\org\seleniumhq\selenium\selenium-ie-driver\3.13.0\selenium-ie-driver-3.13.0.jar;C:\Users\ahmed.abdelstar\.m2\repository\org\seleniumhq\selenium\selenium-opera-driver\3.13.0\selenium-opera-driver-3.13.0.jar;C:\Users\ahmed.abdelstar\.m2\repository\org\seleniumhq\selenium\selenium-remote-driver\3.13.0\selenium-remote-driver-3.13.0.jar;C:\Users\ahmed.abdelstar\.m2\repository\org\seleniumhq\selenium\selenium-safari-driver\3.13.0\selenium-safari-driver-3.13.0.jar;C:\Users\ahmed.abdelstar\.m2\repository\org\seleniumhq\selenium\selenium-support\3.13.0\selenium-support-3.13.0.jar;C:\Users\ahmed.abdelstar\.m2\repository\net\bytebuddy\byte-buddy\1.8.3\byte-buddy-1.8.3.jar;C:\Users\ahmed.abdelstar\.m2\repository\org\apache\commons\commons-exec\1.3\commons-exec-1.3.jar;C:\Users\ahmed.abdelstar\.m2\repository\commons-codec\commons-codec\1.10\commons-codec-1.10.jar;C:\Users\ahmed.abdelstar\.m2\repository\commons-logging\commons-logging\1.2\commons-logging-1.2.jar;C:\Users\ahmed.abdelstar\.m2\repository\com\google\guava\guava\25.0-jre\guava-25.0-jre.jar;C:\Users\ahmed.abdelstar\.m2\repository\com\google\code\findbugs\jsr305\1.3.9\jsr305-1.3.9.jar;C:\Users\ahmed.abdelstar\.m2\repository\org\checkerframework\checker-compat-qual\2.0.0\checker-compat-qual-2.0.0.jar;C:\Users\ahmed.abdelstar\.m2\repository\com\google\errorprone\error_prone_annotations\2.1.3\error_prone_annotations-2.1.3.jar;C:\Users\ahmed.abdelstar\.m2\repository\com\google\j2objc\j2objc-annotations\1.1\j2objc-annotations-1.1.jar;C:\Users\ahmed.abdelstar\.m2\repository\org\codehaus\mojo\animal-sniffer-annotations\1.14\animal-sniffer-annotations-1.14.jar;C:\Users\ahmed.abdelstar\.m2\repository\org\apache\httpcomponents\httpcore\4.4.9\httpcore-4.4.9.jar;C:\Users\ahmed.abdelstar\.m2\repository\com\squareup\okhttp3\okhttp\3.10.0\okhttp-3.10.0.jar;C:\Users\ahmed.abdelstar\.m2\repository\com\squareup\okio\okio\1.14.1\okio-1.14.1.jar;C:\Users\ahmed.abdelstar\.m2\repository\org\testng\testng\6.8.8\testng-6.8.8.jar;C:\Users\ahmed.abdelstar\.m2\repository\org\beanshell\bsh\2.0b4\bsh-2.0b4.jar;C:\Users\ahmed.abdelstar\.m2\repository\com\beust\jcommander\1.27\jcommander-1.27.jar;C:\Users\ahmed.abdelstar\.m2\repository\io\appium\java-client\5.0.4\java-client-5.0.4.jar;C:\Users\ahmed.abdelstar\.m2\repository\cglib\cglib\3.2.5\cglib-3.2.5.jar;C:\Users\ahmed.abdelstar\.m2\repository\org\ow2\asm\asm\6.0_ALPHA\asm-6.0_ALPHA.jar;C:\Users\ahmed.abdelstar\.m2\repository\org\apache\ant\ant\1.9.6\ant-1.9.6.jar;C:\Users\ahmed.abdelstar\.m2\repository\org\apache\ant\ant-launcher\1.9.6\ant-launcher-1.9.6.jar;C:\Users\ahmed.abdelstar\.m2\repository\commons-validator\commons-validator\1.6\commons-validator-1.6.jar;C:\Users\ahmed.abdelstar\.m2\repository\commons-beanutils\commons-beanutils\1.9.2\commons-beanutils-1.9.2.jar;C:\Users\ahmed.abdelstar\.m2\repository\commons-digester\commons-digester\1.8.1\commons-digester-1.8.1.jar;C:\Users\ahmed.abdelstar\.m2\repository\commons-collections\commons-collections\3.2.2\commons-collections-3.2.2.jar;C:\Users\ahmed.abdelstar\.m2\repository\org\springframework\spring-context\5.0.0.RELEASE\spring-context-5.0.0.RELEASE.jar;C:\Users\ahmed.abdelstar\.m2\repository\org\springframework\spring-aop\5.0.0.RELEASE\spring-aop-5.0.0.RELEASE.jar;C:\Users\ahmed.abdelstar\.m2\repository\org\springframework\spring-beans\5.0.0.RELEASE\spring-beans-5.0.0.RELEASE.jar;C:\Users\ahmed.abdelstar\.m2\repository\org\springframework\spring-core\5.0.0.RELEASE\spring-core-5.0.0.RELEASE.jar;C:\Users\ahmed.abdelstar\.m2\repository\org\springframework\spring-jcl\5.0.0.RELEASE\spring-jcl-5.0.0.RELEASE.jar;C:\Users\ahmed.abdelstar\.m2\repository\org\springframework\spring-expression\5.0.0.RELEASE\spring-expression-5.0.0.RELEASE.jar;C:\Users\ahmed.abdelstar\.m2\repository\org\aspectj\aspectjweaver\1.8.11\aspectjweaver-1.8.11.jar;C:\Users\ahmed.abdelstar\.m2\repository\org\openpnp\opencv\3.2.0-1\opencv-3.2.0-1.jar;C:\Users\ahmed.abdelstar\.m2\repository\com\aventstack\extentreports\3.1.5\extentreports-3.1.5.jar;C:\Users\ahmed.abdelstar\.m2\repository\org\freemarker\freemarker\2.3.23\freemarker-2.3.23.jar;C:\Users\ahmed.abdelstar\.m2\repository\org\mongodb\mongodb-driver\3.3.0\mongodb-driver-3.3.0.jar;C:\Users\ahmed.abdelstar\.m2\repository\org\mongodb\bson\3.3.0\bson-3.3.0.jar;C:\Users\ahmed.abdelstar\.m2\repository\org\mongodb\mongodb-driver-core\3.3.0\mongodb-driver-core-3.3.0.jar;C:\Users\ahmed.abdelstar\.m2\repository\org\apache\httpcomponents\httpmime\4.5.2\httpmime-4.5.2.jar;C:\Users\ahmed.abdelstar\.m2\repository\com\relevantcodes\extentreports\2.41.2\extentreports-2.41.2.jar;C:\Users\ahmed.abdelstar\.m2\repository\org\xerial\sqlite-jdbc\3.8.11.1\sqlite-jdbc-3.8.11.1.jar;C:\Users\ahmed.abdelstar\.m2\repository\org\apache\poi\poi-ooxml\3.8-beta4\poi-ooxml-3.8-beta4.jar;C:\Users\ahmed.abdelstar\.m2\repository\org\apache\poi\poi\3.8-beta4\poi-3.8-beta4.jar;C:\Users\ahmed.abdelstar\.m2\repository\org\apache\poi\poi-ooxml-schemas\3.8-beta4\poi-ooxml-schemas-3.8-beta4.jar;C:\Users\ahmed.abdelstar\.m2\repository\org\apache\xmlbeans\xmlbeans\2.3.0\xmlbeans-2.3.0.jar;C:\Users\ahmed.abdelstar\.m2\repository\stax\stax-api\1.0.1\stax-api-1.0.1.jar;C:\Users\ahmed.abdelstar\.m2\repository\dom4j\dom4j\1.6.1\dom4j-1.6.1.jar;C:\Users\ahmed.abdelstar\.m2\repository\xml-apis\xml-apis\1.0.b2\xml-apis-1.0.b2.jar;C:\Users\ahmed.abdelstar\.m2\repository\io\rest-assured\rest-assured\3.0.0\rest-assured-3.0.0.jar;C:\Users\ahmed.abdelstar\.m2\repository\org\codehaus\groovy\groovy\2.4.6\groovy-2.4.6.jar;C:\Users\ahmed.abdelstar\.m2\repository\org\codehaus\groovy\groovy-xml\2.4.6\groovy-xml-2.4.6.jar;C:\Users\ahmed.abdelstar\.m2\repository\org\hamcrest\hamcrest-library\1.3\hamcrest-library-1.3.jar;C:\Users\ahmed.abdelstar\.m2\repository\org\ccil\cowan\tagsoup\tagsoup\1.2.1\tagsoup-1.2.1.jar;C:\Users\ahmed.abdelstar\.m2\repository\io\rest-assured\json-path\3.1.1\json-path-3.1.1.jar;C:\Users\ahmed.abdelstar\.m2\repository\org\codehaus\groovy\groovy-json\2.4.12\groovy-json-2.4.12.jar;C:\Users\ahmed.abdelstar\.m2\repository\io\rest-assured\rest-assured-common\3.1.1\rest-assured-common-3.1.1.jar;C:\Users\ahmed.abdelstar\.m2\repository\io\rest-assured\xml-path\3.1.1\xml-path-3.1.1.jar;C:\Users\ahmed.abdelstar\.m2\repository\javax\xml\bind\jaxb-api\2.2.12\jaxb-api-2.2.12.jar;C:\Users\ahmed.abdelstar\.m2\repository\io\rest-assured\json-schema-validator\3.1.1\json-schema-validator-3.1.1.jar;C:\Users\ahmed.abdelstar\.m2\repository\com\github\fge\json-schema-validator\2.2.6\json-schema-validator-2.2.6.jar;C:\Users\ahmed.abdelstar\.m2\repository\joda-time\joda-time\2.3\joda-time-2.3.jar;C:\Users\ahmed.abdelstar\.m2\repository\com\googlecode\libphonenumber\libphonenumber\6.2\libphonenumber-6.2.jar;C:\Users\ahmed.abdelstar\.m2\repository\com\github\fge\json-schema-core\1.2.5\json-schema-core-1.2.5.jar;C:\Users\ahmed.abdelstar\.m2\repository\com\github\fge\uri-template\0.9\uri-template-0.9.jar;C:\Users\ahmed.abdelstar\.m2\repository\com\github\fge\msg-simple\1.1\msg-simple-1.1.jar;C:\Users\ahmed.abdelstar\.m2\repository\com\github\fge\btf\1.2\btf-1.2.jar;C:\Users\ahmed.abdelstar\.m2\repository\com\github\fge\jackson-coreutils\1.8\jackson-coreutils-1.8.jar;C:\Users\ahmed.abdelstar\.m2\repository\com\fasterxml\jackson\core\jackson-databind\2.2.3\jackson-databind-2.2.3.jar;C:\Users\ahmed.abdelstar\.m2\repository\com\fasterxml\jackson\core\jackson-annotations\2.2.3\jackson-annotations-2.2.3.jar;C:\Users\ahmed.abdelstar\.m2\repository\com\fasterxml\jackson\core\jackson-core\2.2.3\jackson-core-2.2.3.jar;C:\Users\ahmed.abdelstar\.m2\repository\org\mozilla\rhino\1.7R4\rhino-1.7R4.jar;C:\Users\ahmed.abdelstar\.m2\repository\javax\mail\mailapi\1.4.3\mailapi-1.4.3.jar;C:\Users\ahmed.abdelstar\.m2\repository\javax\activation\activation\1.1\activation-1.1.jar;C:\Users\ahmed.abdelstar\.m2\repository\net\sf\jopt-simple\jopt-simple\4.6\jopt-simple-4.6.jar;C:\Users\ahmed.abdelstar\.m2\repository\io\rest-assured\spring-mock-mvc\3.1.1\spring-mock-mvc-3.1.1.jar;C:\Users\ahmed.abdelstar\.m2\repository\org\springframework\spring-test\4.2.6.RELEASE\spring-test-4.2.6.RELEASE.jar;C:\Users\ahmed.abdelstar\.m2\repository\org\springframework\spring-webmvc\4.2.6.RELEASE\spring-webmvc-4.2.6.RELEASE.jar;C:\Users\ahmed.abdelstar\.m2\repository\org\springframework\spring-web\4.2.6.RELEASE\spring-web-4.2.6.RELEASE.jar;C:\Users\ahmed.abdelstar\.m2\repository\io\rest-assured\scala-support\3.1.1\scala-support-3.1.1.jar;C:\Users\ahmed.abdelstar\.m2\repository\org\scala-lang\scala-library\2.11.12\scala-library-2.11.12.jar;C:\Users\ahmed.abdelstar\.m2\repository\org\slf4j\slf4j-api\1.8.0-beta4\slf4j-api-1.8.0-beta4.jar;C:\Users\ahmed.abdelstar\.m2\repository\org\slf4j\slf4j-simple\1.8.0-beta4\slf4j-simple-1.8.0-beta4.jar;"/>
    <property name="sun.cpu.endian" value="little"/>
    <property name="user.home" value="C:\Users\ahmed.abdelstar"/>
    <property name="user.language" value="en"/>
    <property name="java.specification.vendor" value="Oracle Corporation"/>
    <property name="java.version.date" value="2021-07-20"/>
    <property name="java.home" value="C:\Program Files\Java\jdk-16.0.2"/>
    <property name="file.separator" value="\"/>
    <property name="basedir" value="C:\Users\ahmed.abdelstar\eclipse-workspace\GAEB.AdminPanel"/>
    <property name="java.vm.compressedOopsMode" value="Zero based"/>
    <property name="line.separator" value="&#10;"/>
    <property name="java.vm.specification.vendor" value="Oracle Corporation"/>
    <property name="java.specification.name" value="Java Platform API Specification"/>
    <property name="surefire.real.class.path" value="C:\Users\AHMED~1.ABD\AppData\Local\Temp\surefire7348821654905221961\surefirebooter2884682520277910240.jar"/>
    <property name="user.script" value=""/>
    <property name="sun.management.compiler" value="HotSpot 64-Bit Tiered Compilers"/>
    <property name="java.runtime.version" value="16.0.2+7-67"/>
    <property name="user.name" value="ahmed.abdelstar"/>
    <property name="path.separator" value=";"/>
    <property name="os.version" value="10.0"/>
    <property name="java.runtime.name" value="Java(TM) SE Runtime Environment"/>
    <property name="file.encoding" value="Cp1252"/>
    <property name="java.vm.name" value="Java HotSpot(TM) 64-Bit Server VM"/>
    <property name="localRepository" value="C:\Users\ahmed.abdelstar\.m2\repository"/>
    <property name="java.vendor.url.bug" value="https://bugreport.java.com/bugreport/"/>
    <property name="java.io.tmpdir" value="C:\Users\AHMED~1.ABD\AppData\Local\Temp\"/>
    <property name="java.version" value="16.0.2"/>
    <property name="user.dir" value="C:\Users\ahmed.abdelstar\eclipse-workspace\GAEB.AdminPanel"/>
    <property name="os.arch" value="amd64"/>
    <property name="java.vm.specification.name" value="Java Virtual Machine Specification"/>
    <property name="sun.os.patch.level" value=""/>
    <property name="java.library.path" value="C:\Program Files\Java\jdk-16.0.2\bin;C:\Windows\Sun\Java\bin;C:\Windows\system32;C:\Windows;C:\Program Files\Common Files\Oracle\Java\javapath;C:\Program Files (x86)\Common Files\Oracle\Java\javapath;C:\Windows\system32;C:\Windows;C:\Windows\System32\Wbem;C:\Windows\System32\WindowsPowerShell\v1.0\;C:\Windows\System32\OpenSSH\;C:\Program Files\nodejs\;C:\Program Files (x86)\Microsoft SQL Server\150\DTS\Binn\;C:\Program Files\Java\jdk-16.0.2\bin;D:\EXCEL Systems\apache-jmeter-5.4.1\apache-jmeter-5.4.1\bin;D:\Ahmed\istqb\Selenium Course\apache-maven-3.8.4-bin\apache-maven-3.8.4\bin;C:\Users\ahmed.abdelstar\AppData\Local\Microsoft\WindowsApps;C:\Users\ahmed.abdelstar\AppData\Local\Programs\Microsoft VS Code\bin;C:\Users\ahmed.abdelstar\AppData\Roaming\npm;."/>
    <property name="java.vm.info" value="mixed mode, sharing"/>
    <property name="java.vendor" value="Oracle Corporation"/>
    <property name="java.vm.version" value="16.0.2+7-67"/>
    <property name="sun.io.unicode.encoding" value="UnicodeLittle"/>
    <property name="java.class.version" value="60.0"/>
  </properties>
  <testcase name="before_Method" classname="adminTestCases.AddUserPageTest" time="0.168">
    <failure message="&#10;Parameter &apos;browser&apos; is required by @Configuration on method before_Method but has not been marked @Optional or defined&#10;" type="org.testng.TestNGException">org.testng.TestNGException: 

Parameter 'browser' is required by @Configuration on method before_Method but has not been marked @Optional or defined

</failure>
  </testcase>
  <testcase name="test2" classname="adminTestCases.AddUserPageTest" time="0">
    <skipped/>
  </testcase>
  <testcase name="after_Method" classname="adminTestCases.AddUserPageTest" time="0">
    <skipped/>
  </testcase>
  <testcase name="before_Method" classname="adminTestCases.ChangeUserPasswordPageTest" time="0">
    <skipped/>
  </testcase>
  <testcase name="test3" classname="adminTestCases.ChangeUserPasswordPageTest" time="0">
    <skipped/>
  </testcase>
  <testcase name="after_Method" classname="adminTestCases.ChangeUserPasswordPageTest" time="0">
    <skipped/>
  </testcase>
  <testcase name="before_Method" classname="adminTestCases.DeactivateUserPageTest" time="0">
    <skipped/>
  </testcase>
  <testcase name="test4" classname="adminTestCases.DeactivateUserPageTest" time="0">
    <skipped/>
  </testcase>
  <testcase name="after_Method" classname="adminTestCases.DeactivateUserPageTest" time="0">
    <skipped/>
  </testcase>
  <testcase name="before_Method" classname="adminTestCases.EditUserPageTest" time="0">
    <skipped/>
  </testcase>
  <testcase name="test5" classname="adminTestCases.EditUserPageTest" time="0">
    <skipped/>
  </testcase>
  <testcase name="after_Method" classname="adminTestCases.EditUserPageTest" time="0">
    <skipped/>
  </testcase>
  <testcase name="before_Method" classname="adminTestCases.HomePageTest" time="0">
    <skipped/>
  </testcase>
  <testcase name="test6" classname="adminTestCases.HomePageTest" time="0">
    <skipped/>
  </testcase>
  <testcase name="after_Method" classname="adminTestCases.HomePageTest" time="0">
    <skipped/>
  </testcase>
  <testcase name="before_Method" classname="adminTestCases.LoginPageTest" time="0">
    <skipped/>
  </testcase>
  <testcase name="test1" classname="adminTestCases.LoginPageTest" time="0">
    <skipped/>
  </testcase>
  <testcase name="after_Method" classname="adminTestCases.LoginPageTest" time="0">
    <skipped/>
  </testcase>
  <testcase name="before_Method" classname="adminTestCases.UserPermessionPageTest" time="0">
    <skipped/>
  </testcase>
  <testcase name="test7" classname="adminTestCases.UserPermessionPageTest" time="0">
    <skipped/>
  </testcase>
  <testcase name="after_Method" classname="adminTestCases.UserPermessionPageTest" time="0">
    <skipped/>
  </testcase>
  <testcase name="before_Method" classname="adminTestCases.UserTablePageTest" time="0">
    <skipped/>
  </testcase>
  <testcase name="test9" classname="adminTestCases.UserTablePageTest" time="0">
    <skipped/>
  </testcase>
  <testcase name="after_Method" classname="adminTestCases.UserTablePageTest" time="0">
    <skipped/>
  </testcase>
  <testcase name="before_Method" classname="adminTestCases.ViewUserDetailsPageTest" time="0">
    <skipped/>
  </testcase>
  <testcase name="test8" classname="adminTestCases.ViewUserDetailsPageTest" time="0">
    <skipped/>
  </testcase>
  <testcase name="after_Method" classname="adminTestCases.ViewUserDetailsPageTest" time="0">
    <skipped/>
  </testcase>
</testsuite>