<?xml version="1.0" encoding="UTF-8"?>
<!-- Generated by org.testng.reporters.JUnitReportReporter -->
<testsuite hostname="A-ABDELSATAR" failures="0" tests="2" name="testCases.LoginTest" time="17.508" errors="0" timestamp="31 Jan 2022 13:17:28 GMT">
  <testcase classname="testCases.LoginTest" name="get_Url" time="9.080"/>
  <testcase classname="testCases.LoginTest" name="get_Title" time="8.428"/>
</testsuite> <!-- testCases.LoginTest -->
