<?xml version="1.0" encoding="UTF-8"?>
<!-- Generated by org.testng.reporters.JUnitReportReporter -->
<testsuite hostname="A-ABDELSATAR" failures="0" tests="1" name="adminTestCases.LoginPageTest" time="1.765" errors="0" timestamp="2022-01-12T17:10:41 EET" skipped="0">
  <testcase classname="adminTestCases.LoginPageTest" name="test1" time="1.765"/>
  <system-out/>
</testsuite> <!-- adminTestCases.LoginPageTest -->
