<?xml version="1.0" encoding="UTF-8"?>
<!-- Generated by org.testng.reporters.JUnitReportReporter -->
<testsuite hostname="A-ABDELSATAR" failures="0" tests="1" name="adminTestCases.UserPermessionPageTest" time="1.472" errors="0" timestamp="2022-01-12T17:10:41 EET" skipped="0">
  <testcase classname="adminTestCases.UserPermessionPageTest" name="test7" time="1.472"/>
  <system-out/>
</testsuite> <!-- adminTestCases.UserPermessionPageTest -->
