<?xml version="1.0" encoding="UTF-8"?>
<!-- Generated by org.testng.reporters.JUnitReportReporter -->
<testsuite hostname="A-ABDELSATAR" failures="0" tests="1" name="testUtils.ExtentReport" time="0.174" errors="1" timestamp="2022-01-09T13:53:31 EET" skipped="0">
  <testcase classname="testUtils.ExtentReport" name="beforeSuite" time="0.174">
    <error message="org.apache.logging.slf4j.Log4jLoggerFactory: method &#039;void &lt;init&gt;()&#039; not found" type="java.lang.NoSuchMethodError">
      <![CDATA[java.lang.NoSuchMethodError: org.apache.logging.slf4j.Log4jLoggerFactory: method 'void <init>()' not found
at org.slf4j.impl.StaticLoggerBinder.<init>(StaticLoggerBinder.java:53)
at org.slf4j.impl.StaticLoggerBinder.<clinit>(StaticLoggerBinder.java:41)
at org.slf4j.LoggerFactory.bind(LoggerFactory.java:150)
at org.slf4j.LoggerFactory.performInitialization(LoggerFactory.java:124)
at org.slf4j.LoggerFactory.getILoggerFactory(LoggerFactory.java:412)
at org.slf4j.LoggerFactory.getLogger(LoggerFactory.java:357)
at org.apache.logging.slf4j.SLF4JLoggerContext.getLogger(SLF4JLoggerContext.java:39)
at org.apache.log4j.Category.<init>(Category.java:78)
at org.apache.log4j.Logger.<init>(Logger.java:33)
at org.apache.log4j.Category$PrivateAdapter.newLogger(Category.java:506)
at org.apache.log4j.Category.getInstance(Category.java:118)
at org.apache.log4j.Category.getInstance(Category.java:98)
at org.apache.log4j.Logger.getLogger(Logger.java:37)
at freemarker.log._Log4jLoggerFactory.getLogger(_Log4jLoggerFactory.java:31)
at freemarker.log.Logger.getLogger(Logger.java:362)
at freemarker.template.Configuration.<clinit>(Configuration.java:151)
at com.relevantcodes.extentreports.HTMLReporter.start(HTMLReporter.java:76)
at com.relevantcodes.extentreports.Report.attach(Report.java:318)
at com.relevantcodes.extentreports.ExtentReports.<init>(ExtentReports.java:86)
at com.relevantcodes.extentreports.ExtentReports.<init>(ExtentReports.java:375)
at testUtils.ExtentReport.beforeSuite(ExtentReport.java:23)
at java.base/jdk.internal.reflect.NativeMethodAccessorImpl.invoke0(Native Method)
at java.base/jdk.internal.reflect.NativeMethodAccessorImpl.invoke(NativeMethodAccessorImpl.java:78)
at java.base/jdk.internal.reflect.DelegatingMethodAccessorImpl.invoke(DelegatingMethodAccessorImpl.java:43)
at java.base/java.lang.reflect.Method.invoke(Method.java:567)
at org.testng.internal.MethodInvocationHelper.invokeMethod(MethodInvocationHelper.java:133)
at org.testng.internal.MethodInvocationHelper.invokeMethodConsideringTimeout(MethodInvocationHelper.java:62)
at org.testng.internal.ConfigInvoker.invokeConfigurationMethod(ConfigInvoker.java:385)
at org.testng.internal.ConfigInvoker.invokeConfigurations(ConfigInvoker.java:321)
at org.testng.SuiteRunner.privateRun(SuiteRunner.java:317)
at org.testng.SuiteRunner.run(SuiteRunner.java:276)
at org.testng.SuiteRunnerWorker.runSuite(SuiteRunnerWorker.java:53)
at org.testng.SuiteRunnerWorker.run(SuiteRunnerWorker.java:96)
at org.testng.TestNG.runSuitesSequentially(TestNG.java:1212)
at org.testng.TestNG.runSuitesLocally(TestNG.java:1134)
at org.testng.TestNG.runSuites(TestNG.java:1063)
at org.testng.TestNG.run(TestNG.java:1031)
at org.testng.remote.AbstractRemoteTestNG.run(AbstractRemoteTestNG.java:115)
at org.testng.remote.RemoteTestNG.initAndRun(RemoteTestNG.java:251)
at org.testng.remote.RemoteTestNG.main(RemoteTestNG.java:77)
]]>
    </error>
  </testcase> <!-- beforeSuite -->
  <system-out/>
</testsuite> <!-- testUtils.ExtentReport -->
