<?xml version="1.0" encoding="UTF-8"?>
<!-- Generated by org.testng.reporters.JUnitReportReporter -->
<testsuite hostname="A-ABDELSATAR" failures="0" tests="2" name="testCases.LoginPageTest" time="3.424" errors="0" timestamp="23 Jan 2022 14:02:56 GMT">
  <testcase classname="testCases.LoginPageTest" name="Test1" time="1.591"/>
  <testcase classname="testCases.LoginPageTest" name="Test3" time="1.833"/>
</testsuite> <!-- testCases.LoginPageTest -->
