<?xml version="1.0" encoding="UTF-8"?>
<!-- Generated by org.testng.reporters.JUnitReportReporter -->
<testsuite hostname="A-ABDELSATAR" failures="0" tests="1" name="testCases.HomePageTest" time="2.222" errors="0" timestamp="23 Jan 2022 14:02:56 GMT">
  <testcase classname="testCases.HomePageTest" name="Test2" time="2.222"/>
</testsuite> <!-- testCases.HomePageTest -->
