<?xml version="1.0" encoding="UTF-8"?>
<!-- Generated by org.testng.reporters.JUnitReportReporter -->
<testsuite hostname="A-ABDELSATAR" failures="0" tests="1" name="com.sitetest.Third_Session" time="2.393" errors="0" timestamp="2021-12-28T16:57:20 EET" skipped="0">
  <testcase classname="com.sitetest.Third_Session" name="Setupforlogin" time="2.393"/>
  <system-out/>
</testsuite> <!-- com.sitetest.Third_Session -->
