<?xml version="1.0" encoding="UTF-8"?>
<testsuite xmlns:xsi="http://www.w3.org/2001/XMLSchema-instance" xsi:noNamespaceSchemaLocation="https://maven.apache.org/surefire/maven-surefire-plugin/xsd/surefire-test-report.xsd" name="TestSuite" time="2.76" tests="43" errors="0" skipped="42" failures="1">
  <properties>
    <property name="java.specification.version" value="17"/>
    <property name="sun.cpu.isalist" value="amd64"/>
    <property name="sun.jnu.encoding" value="Cp1252"/>
    <property name="java.class.path" value="C:\Users\ahmed.abdelstar\eclipse-workspace\RestAssured3\target\test-classes;C:\Users\ahmed.abdelstar\eclipse-workspace\RestAssured3\target\classes;C:\Users\ahmed.abdelstar\.m2\repository\com\sun\mail\javax.mail\1.5.5\javax.mail-1.5.5.jar;C:\Users\ahmed.abdelstar\.m2\repository\javax\activation\activation\1.1\activation-1.1.jar;C:\Users\ahmed.abdelstar\.m2\repository\org\apache\logging\log4j\log4j-api\2.4\log4j-api-2.4.jar;C:\Users\ahmed.abdelstar\.m2\repository\org\apache\logging\log4j\log4j-core\2.4\log4j-core-2.4.jar;C:\Users\ahmed.abdelstar\.m2\repository\commons-io\commons-io\2.6\commons-io-2.6.jar;C:\Users\ahmed.abdelstar\.m2\repository\com\googlecode\json-simple\json-simple\1.1.1\json-simple-1.1.1.jar;C:\Users\ahmed.abdelstar\.m2\repository\org\seleniumhq\selenium\selenium-java\3.13.0\selenium-java-3.13.0.jar;C:\Users\ahmed.abdelstar\.m2\repository\org\seleniumhq\selenium\selenium-api\3.13.0\selenium-api-3.13.0.jar;C:\Users\ahmed.abdelstar\.m2\repository\org\seleniumhq\selenium\selenium-chrome-driver\3.13.0\selenium-chrome-driver-3.13.0.jar;C:\Users\ahmed.abdelstar\.m2\repository\org\seleniumhq\selenium\selenium-edge-driver\3.13.0\selenium-edge-driver-3.13.0.jar;C:\Users\ahmed.abdelstar\.m2\repository\org\seleniumhq\selenium\selenium-firefox-driver\3.13.0\selenium-firefox-driver-3.13.0.jar;C:\Users\ahmed.abdelstar\.m2\repository\org\seleniumhq\selenium\selenium-ie-driver\3.13.0\selenium-ie-driver-3.13.0.jar;C:\Users\ahmed.abdelstar\.m2\repository\org\seleniumhq\selenium\selenium-opera-driver\3.13.0\selenium-opera-driver-3.13.0.jar;C:\Users\ahmed.abdelstar\.m2\repository\org\seleniumhq\selenium\selenium-remote-driver\3.13.0\selenium-remote-driver-3.13.0.jar;C:\Users\ahmed.abdelstar\.m2\repository\org\seleniumhq\selenium\selenium-safari-driver\3.13.0\selenium-safari-driver-3.13.0.jar;C:\Users\ahmed.abdelstar\.m2\repository\org\seleniumhq\selenium\selenium-support\3.13.0\selenium-support-3.13.0.jar;C:\Users\ahmed.abdelstar\.m2\repository\net\bytebuddy\byte-buddy\1.8.3\byte-buddy-1.8.3.jar;C:\Users\ahmed.abdelstar\.m2\repository\org\apache\commons\commons-exec\1.3\commons-exec-1.3.jar;C:\Users\ahmed.abdelstar\.m2\repository\commons-codec\commons-codec\1.10\commons-codec-1.10.jar;C:\Users\ahmed.abdelstar\.m2\repository\commons-logging\commons-logging\1.2\commons-logging-1.2.jar;C:\Users\ahmed.abdelstar\.m2\repository\com\google\code\gson\gson\2.8.4\gson-2.8.4.jar;C:\Users\ahmed.abdelstar\.m2\repository\com\google\guava\guava\25.0-jre\guava-25.0-jre.jar;C:\Users\ahmed.abdelstar\.m2\repository\com\google\code\findbugs\jsr305\1.3.9\jsr305-1.3.9.jar;C:\Users\ahmed.abdelstar\.m2\repository\org\checkerframework\checker-compat-qual\2.0.0\checker-compat-qual-2.0.0.jar;C:\Users\ahmed.abdelstar\.m2\repository\com\google\errorprone\error_prone_annotations\2.1.3\error_prone_annotations-2.1.3.jar;C:\Users\ahmed.abdelstar\.m2\repository\com\google\j2objc\j2objc-annotations\1.1\j2objc-annotations-1.1.jar;C:\Users\ahmed.abdelstar\.m2\repository\org\codehaus\mojo\animal-sniffer-annotations\1.14\animal-sniffer-annotations-1.14.jar;C:\Users\ahmed.abdelstar\.m2\repository\org\apache\httpcomponents\httpclient\4.5.5\httpclient-4.5.5.jar;C:\Users\ahmed.abdelstar\.m2\repository\org\apache\httpcomponents\httpcore\4.4.9\httpcore-4.4.9.jar;C:\Users\ahmed.abdelstar\.m2\repository\com\squareup\okhttp3\okhttp\3.10.0\okhttp-3.10.0.jar;C:\Users\ahmed.abdelstar\.m2\repository\com\squareup\okio\okio\1.14.1\okio-1.14.1.jar;C:\Users\ahmed.abdelstar\.m2\repository\org\testng\testng\6.8.8\testng-6.8.8.jar;C:\Users\ahmed.abdelstar\.m2\repository\org\beanshell\bsh\2.0b4\bsh-2.0b4.jar;C:\Users\ahmed.abdelstar\.m2\repository\com\beust\jcommander\1.27\jcommander-1.27.jar;C:\Users\ahmed.abdelstar\.m2\repository\io\appium\java-client\5.0.4\java-client-5.0.4.jar;C:\Users\ahmed.abdelstar\.m2\repository\cglib\cglib\3.2.5\cglib-3.2.5.jar;C:\Users\ahmed.abdelstar\.m2\repository\org\ow2\asm\asm\6.0_ALPHA\asm-6.0_ALPHA.jar;C:\Users\ahmed.abdelstar\.m2\repository\org\apache\ant\ant\1.9.6\ant-1.9.6.jar;C:\Users\ahmed.abdelstar\.m2\repository\org\apache\ant\ant-launcher\1.9.6\ant-launcher-1.9.6.jar;C:\Users\ahmed.abdelstar\.m2\repository\commons-validator\commons-validator\1.6\commons-validator-1.6.jar;C:\Users\ahmed.abdelstar\.m2\repository\commons-beanutils\commons-beanutils\1.9.2\commons-beanutils-1.9.2.jar;C:\Users\ahmed.abdelstar\.m2\repository\commons-digester\commons-digester\1.8.1\commons-digester-1.8.1.jar;C:\Users\ahmed.abdelstar\.m2\repository\commons-collections\commons-collections\3.2.2\commons-collections-3.2.2.jar;C:\Users\ahmed.abdelstar\.m2\repository\org\apache\commons\commons-lang3\3.6\commons-lang3-3.6.jar;C:\Users\ahmed.abdelstar\.m2\repository\org\springframework\spring-context\5.0.0.RELEASE\spring-context-5.0.0.RELEASE.jar;C:\Users\ahmed.abdelstar\.m2\repository\org\springframework\spring-aop\5.0.0.RELEASE\spring-aop-5.0.0.RELEASE.jar;C:\Users\ahmed.abdelstar\.m2\repository\org\springframework\spring-beans\5.0.0.RELEASE\spring-beans-5.0.0.RELEASE.jar;C:\Users\ahmed.abdelstar\.m2\repository\org\springframework\spring-core\5.0.0.RELEASE\spring-core-5.0.0.RELEASE.jar;C:\Users\ahmed.abdelstar\.m2\repository\org\springframework\spring-jcl\5.0.0.RELEASE\spring-jcl-5.0.0.RELEASE.jar;C:\Users\ahmed.abdelstar\.m2\repository\org\springframework\spring-expression\5.0.0.RELEASE\spring-expression-5.0.0.RELEASE.jar;C:\Users\ahmed.abdelstar\.m2\repository\org\aspectj\aspectjweaver\1.8.11\aspectjweaver-1.8.11.jar;C:\Users\ahmed.abdelstar\.m2\repository\org\openpnp\opencv\3.2.0-1\opencv-3.2.0-1.jar;C:\Users\ahmed.abdelstar\.m2\repository\com\aventstack\extentreports\3.1.5\extentreports-3.1.5.jar;C:\Users\ahmed.abdelstar\.m2\repository\org\freemarker\freemarker\2.3.23\freemarker-2.3.23.jar;C:\Users\ahmed.abdelstar\.m2\repository\org\mongodb\mongodb-driver\3.3.0\mongodb-driver-3.3.0.jar;C:\Users\ahmed.abdelstar\.m2\repository\org\mongodb\bson\3.3.0\bson-3.3.0.jar;C:\Users\ahmed.abdelstar\.m2\repository\org\mongodb\mongodb-driver-core\3.3.0\mongodb-driver-core-3.3.0.jar;C:\Users\ahmed.abdelstar\.m2\repository\org\apache\httpcomponents\httpmime\4.5.2\httpmime-4.5.2.jar;C:\Users\ahmed.abdelstar\.m2\repository\org\jsoup\jsoup\1.9.2\jsoup-1.9.2.jar;C:\Users\ahmed.abdelstar\.m2\repository\com\relevantcodes\extentreports\2.41.2\extentreports-2.41.2.jar;C:\Users\ahmed.abdelstar\.m2\repository\org\xerial\sqlite-jdbc\3.8.11.1\sqlite-jdbc-3.8.11.1.jar;C:\Users\ahmed.abdelstar\.m2\repository\io\qameta\allure\allure-testng\2.17.2\allure-testng-2.17.2.jar;C:\Users\ahmed.abdelstar\.m2\repository\io\qameta\allure\allure-java-commons\2.17.2\allure-java-commons-2.17.2.jar;C:\Users\ahmed.abdelstar\.m2\repository\io\qameta\allure\allure-model\2.17.2\allure-model-2.17.2.jar;C:\Users\ahmed.abdelstar\.m2\repository\io\qameta\allure\allure-test-filter\2.17.2\allure-test-filter-2.17.2.jar;C:\Users\ahmed.abdelstar\.m2\repository\org\apache\poi\poi-ooxml\3.8-beta4\poi-ooxml-3.8-beta4.jar;C:\Users\ahmed.abdelstar\.m2\repository\org\apache\poi\poi\3.8-beta4\poi-3.8-beta4.jar;C:\Users\ahmed.abdelstar\.m2\repository\org\apache\poi\poi-ooxml-schemas\3.8-beta4\poi-ooxml-schemas-3.8-beta4.jar;C:\Users\ahmed.abdelstar\.m2\repository\org\apache\xmlbeans\xmlbeans\2.3.0\xmlbeans-2.3.0.jar;C:\Users\ahmed.abdelstar\.m2\repository\stax\stax-api\1.0.1\stax-api-1.0.1.jar;C:\Users\ahmed.abdelstar\.m2\repository\dom4j\dom4j\1.6.1\dom4j-1.6.1.jar;C:\Users\ahmed.abdelstar\.m2\repository\xml-apis\xml-apis\1.0.b2\xml-apis-1.0.b2.jar;C:\Users\ahmed.abdelstar\.m2\repository\org\slf4j\slf4j-api\1.8.0-beta4\slf4j-api-1.8.0-beta4.jar;C:\Users\ahmed.abdelstar\.m2\repository\org\slf4j\slf4j-simple\1.8.0-beta4\slf4j-simple-1.8.0-beta4.jar;C:\Users\ahmed.abdelstar\.m2\repository\junit\junit\4.13.2\junit-4.13.2.jar;C:\Users\ahmed.abdelstar\.m2\repository\org\hamcrest\hamcrest-core\1.3\hamcrest-core-1.3.jar;C:\Users\ahmed.abdelstar\.m2\repository\io\cucumber\cucumber-java\7.2.3\cucumber-java-7.2.3.jar;C:\Users\ahmed.abdelstar\.m2\repository\io\cucumber\cucumber-core\7.2.3\cucumber-core-7.2.3.jar;C:\Users\ahmed.abdelstar\.m2\repository\io\cucumber\cucumber-gherkin\7.2.3\cucumber-gherkin-7.2.3.jar;C:\Users\ahmed.abdelstar\.m2\repository\io\cucumber\cucumber-gherkin-messages\7.2.3\cucumber-gherkin-messages-7.2.3.jar;C:\Users\ahmed.abdelstar\.m2\repository\io\cucumber\messages\17.1.1\messages-17.1.1.jar;C:\Users\ahmed.abdelstar\.m2\repository\io\cucumber\tag-expressions\4.1.0\tag-expressions-4.1.0.jar;C:\Users\ahmed.abdelstar\.m2\repository\io\cucumber\cucumber-expressions\15.0.1\cucumber-expressions-15.0.1.jar;C:\Users\ahmed.abdelstar\.m2\repository\io\cucumber\datatable\7.2.3\datatable-7.2.3.jar;C:\Users\ahmed.abdelstar\.m2\repository\io\cucumber\cucumber-plugin\7.2.3\cucumber-plugin-7.2.3.jar;C:\Users\ahmed.abdelstar\.m2\repository\io\cucumber\docstring\7.2.3\docstring-7.2.3.jar;C:\Users\ahmed.abdelstar\.m2\repository\io\cucumber\html-formatter\17.0.0\html-formatter-17.0.0.jar;C:\Users\ahmed.abdelstar\.m2\repository\io\cucumber\ci-environment\8.1.0\ci-environment-8.1.0.jar;C:\Users\ahmed.abdelstar\.m2\repository\org\apiguardian\apiguardian-api\1.1.2\apiguardian-api-1.1.2.jar;C:\Users\ahmed.abdelstar\.m2\repository\io\github\bonigarcia\webdrivermanager\5.0.3\webdrivermanager-5.0.3.jar;C:\Users\ahmed.abdelstar\.m2\repository\com\github\docker-java\docker-java\3.2.12\docker-java-3.2.12.jar;C:\Users\ahmed.abdelstar\.m2\repository\com\github\docker-java\docker-java-core\3.2.12\docker-java-core-3.2.12.jar;C:\Users\ahmed.abdelstar\.m2\repository\com\github\docker-java\docker-java-api\3.2.12\docker-java-api-3.2.12.jar;C:\Users\ahmed.abdelstar\.m2\repository\com\fasterxml\jackson\core\jackson-annotations\2.10.3\jackson-annotations-2.10.3.jar;C:\Users\ahmed.abdelstar\.m2\repository\org\apache\commons\commons-compress\1.21\commons-compress-1.21.jar;C:\Users\ahmed.abdelstar\.m2\repository\commons-lang\commons-lang\2.6\commons-lang-2.6.jar;C:\Users\ahmed.abdelstar\.m2\repository\com\fasterxml\jackson\core\jackson-databind\2.10.3\jackson-databind-2.10.3.jar;C:\Users\ahmed.abdelstar\.m2\repository\com\fasterxml\jackson\core\jackson-core\2.10.3\jackson-core-2.10.3.jar;C:\Users\ahmed.abdelstar\.m2\repository\org\bouncycastle\bcpkix-jdk15on\1.64\bcpkix-jdk15on-1.64.jar;C:\Users\ahmed.abdelstar\.m2\repository\org\bouncycastle\bcprov-jdk15on\1.64\bcprov-jdk15on-1.64.jar;C:\Users\ahmed.abdelstar\.m2\repository\org\slf4j\jcl-over-slf4j\1.7.30\jcl-over-slf4j-1.7.30.jar;C:\Users\ahmed.abdelstar\.m2\repository\com\github\docker-java\docker-java-transport-httpclient5\3.2.12\docker-java-transport-httpclient5-3.2.12.jar;C:\Users\ahmed.abdelstar\.m2\repository\com\github\docker-java\docker-java-transport\3.2.12\docker-java-transport-3.2.12.jar;C:\Users\ahmed.abdelstar\.m2\repository\org\apache\httpcomponents\client5\httpclient5\5.0.3\httpclient5-5.0.3.jar;C:\Users\ahmed.abdelstar\.m2\repository\org\apache\httpcomponents\core5\httpcore5\5.0.2\httpcore5-5.0.2.jar;C:\Users\ahmed.abdelstar\.m2\repository\net\java\dev\jna\jna\5.8.0\jna-5.8.0.jar;C:\Users\ahmed.abdelstar\.m2\repository\org\brotli\dec\0.1.2\dec-0.1.2.jar;C:\Users\ahmed.abdelstar\.m2\repository\info\cukes\cucumber-junit\1.2.5\cucumber-junit-1.2.5.jar;C:\Users\ahmed.abdelstar\.m2\repository\info\cukes\cucumber-core\1.2.5\cucumber-core-1.2.5.jar;C:\Users\ahmed.abdelstar\.m2\repository\info\cukes\cucumber-html\0.2.3\cucumber-html-0.2.3.jar;C:\Users\ahmed.abdelstar\.m2\repository\info\cukes\cucumber-jvm-deps\1.0.5\cucumber-jvm-deps-1.0.5.jar;C:\Users\ahmed.abdelstar\.m2\repository\info\cukes\gherkin\2.12.2\gherkin-2.12.2.jar;C:\Users\ahmed.abdelstar\.m2\repository\info\cukes\cucumber-java\1.2.4\cucumber-java-1.2.4.jar;C:\Users\ahmed.abdelstar\.m2\repository\io\rest-assured\rest-assured\4.4.0\rest-assured-4.4.0.jar;C:\Users\ahmed.abdelstar\.m2\repository\org\codehaus\groovy\groovy\3.0.8\groovy-3.0.8.jar;C:\Users\ahmed.abdelstar\.m2\repository\org\codehaus\groovy\groovy-xml\3.0.8\groovy-xml-3.0.8.jar;C:\Users\ahmed.abdelstar\.m2\repository\org\hamcrest\hamcrest\2.1\hamcrest-2.1.jar;C:\Users\ahmed.abdelstar\.m2\repository\org\ccil\cowan\tagsoup\tagsoup\1.2.1\tagsoup-1.2.1.jar;C:\Users\ahmed.abdelstar\.m2\repository\io\rest-assured\json-path\4.4.0\json-path-4.4.0.jar;C:\Users\ahmed.abdelstar\.m2\repository\org\codehaus\groovy\groovy-json\3.0.8\groovy-json-3.0.8.jar;C:\Users\ahmed.abdelstar\.m2\repository\io\rest-assured\rest-assured-common\4.4.0\rest-assured-common-4.4.0.jar;C:\Users\ahmed.abdelstar\.m2\repository\io\rest-assured\xml-path\4.4.0\xml-path-4.4.0.jar;C:\Users\ahmed.abdelstar\.m2\repository\jakarta\xml\bind\jakarta.xml.bind-api\2.3.3\jakarta.xml.bind-api-2.3.3.jar;C:\Users\ahmed.abdelstar\.m2\repository\jakarta\activation\jakarta.activation-api\1.2.2\jakarta.activation-api-1.2.2.jar;C:\Users\ahmed.abdelstar\.m2\repository\com\sun\xml\bind\jaxb-impl\2.3.3\jaxb-impl-2.3.3.jar;C:\Users\ahmed.abdelstar\.m2\repository\org\apache\maven\surefire\surefire-testng-utils\2.22.0\surefire-testng-utils-2.22.0.jar;C:\Users\ahmed.abdelstar\.m2\repository\org\apache\maven\surefire\surefire-grouper\2.22.0\surefire-grouper-2.22.0.jar;"/>
    <property name="java.vm.vendor" value="Oracle Corporation"/>
    <property name="sun.arch.data.model" value="64"/>
    <property name="user.variant" value=""/>
    <property name="java.vendor.url" value="https://java.oracle.com/"/>
    <property name="user.timezone" value="Africa/Cairo"/>
    <property name="os.name" value="Windows 10"/>
    <property name="java.vm.specification.version" value="17"/>
    <property name="sun.java.launcher" value="SUN_STANDARD"/>
    <property name="user.country" value="US"/>
    <property name="sun.boot.library.path" value="C:\Program Files\Java\jdk-17\bin"/>
    <property name="sun.java.command" value="C:\Users\AHMED~1.ABD\AppData\Local\Temp\surefire11635524533756943466\surefirebooter2018355794380930872.jar C:\Users\ahmed.abdelstar\AppData\Local\Temp\surefire11635524533756943466 2022-08-24T12-43-03_507-jvmRun1 surefire14621129930791236848tmp surefire_013593837537609761223tmp"/>
    <property name="jdk.debug" value="release"/>
    <property name="surefire.test.class.path" value="C:\Users\ahmed.abdelstar\eclipse-workspace\RestAssured3\target\test-classes;C:\Users\ahmed.abdelstar\eclipse-workspace\RestAssured3\target\classes;C:\Users\ahmed.abdelstar\.m2\repository\com\sun\mail\javax.mail\1.5.5\javax.mail-1.5.5.jar;C:\Users\ahmed.abdelstar\.m2\repository\javax\activation\activation\1.1\activation-1.1.jar;C:\Users\ahmed.abdelstar\.m2\repository\org\apache\logging\log4j\log4j-api\2.4\log4j-api-2.4.jar;C:\Users\ahmed.abdelstar\.m2\repository\org\apache\logging\log4j\log4j-core\2.4\log4j-core-2.4.jar;C:\Users\ahmed.abdelstar\.m2\repository\commons-io\commons-io\2.6\commons-io-2.6.jar;C:\Users\ahmed.abdelstar\.m2\repository\com\googlecode\json-simple\json-simple\1.1.1\json-simple-1.1.1.jar;C:\Users\ahmed.abdelstar\.m2\repository\org\seleniumhq\selenium\selenium-java\3.13.0\selenium-java-3.13.0.jar;C:\Users\ahmed.abdelstar\.m2\repository\org\seleniumhq\selenium\selenium-api\3.13.0\selenium-api-3.13.0.jar;C:\Users\ahmed.abdelstar\.m2\repository\org\seleniumhq\selenium\selenium-chrome-driver\3.13.0\selenium-chrome-driver-3.13.0.jar;C:\Users\ahmed.abdelstar\.m2\repository\org\seleniumhq\selenium\selenium-edge-driver\3.13.0\selenium-edge-driver-3.13.0.jar;C:\Users\ahmed.abdelstar\.m2\repository\org\seleniumhq\selenium\selenium-firefox-driver\3.13.0\selenium-firefox-driver-3.13.0.jar;C:\Users\ahmed.abdelstar\.m2\repository\org\seleniumhq\selenium\selenium-ie-driver\3.13.0\selenium-ie-driver-3.13.0.jar;C:\Users\ahmed.abdelstar\.m2\repository\org\seleniumhq\selenium\selenium-opera-driver\3.13.0\selenium-opera-driver-3.13.0.jar;C:\Users\ahmed.abdelstar\.m2\repository\org\seleniumhq\selenium\selenium-remote-driver\3.13.0\selenium-remote-driver-3.13.0.jar;C:\Users\ahmed.abdelstar\.m2\repository\org\seleniumhq\selenium\selenium-safari-driver\3.13.0\selenium-safari-driver-3.13.0.jar;C:\Users\ahmed.abdelstar\.m2\repository\org\seleniumhq\selenium\selenium-support\3.13.0\selenium-support-3.13.0.jar;C:\Users\ahmed.abdelstar\.m2\repository\net\bytebuddy\byte-buddy\1.8.3\byte-buddy-1.8.3.jar;C:\Users\ahmed.abdelstar\.m2\repository\org\apache\commons\commons-exec\1.3\commons-exec-1.3.jar;C:\Users\ahmed.abdelstar\.m2\repository\commons-codec\commons-codec\1.10\commons-codec-1.10.jar;C:\Users\ahmed.abdelstar\.m2\repository\commons-logging\commons-logging\1.2\commons-logging-1.2.jar;C:\Users\ahmed.abdelstar\.m2\repository\com\google\code\gson\gson\2.8.4\gson-2.8.4.jar;C:\Users\ahmed.abdelstar\.m2\repository\com\google\guava\guava\25.0-jre\guava-25.0-jre.jar;C:\Users\ahmed.abdelstar\.m2\repository\com\google\code\findbugs\jsr305\1.3.9\jsr305-1.3.9.jar;C:\Users\ahmed.abdelstar\.m2\repository\org\checkerframework\checker-compat-qual\2.0.0\checker-compat-qual-2.0.0.jar;C:\Users\ahmed.abdelstar\.m2\repository\com\google\errorprone\error_prone_annotations\2.1.3\error_prone_annotations-2.1.3.jar;C:\Users\ahmed.abdelstar\.m2\repository\com\google\j2objc\j2objc-annotations\1.1\j2objc-annotations-1.1.jar;C:\Users\ahmed.abdelstar\.m2\repository\org\codehaus\mojo\animal-sniffer-annotations\1.14\animal-sniffer-annotations-1.14.jar;C:\Users\ahmed.abdelstar\.m2\repository\org\apache\httpcomponents\httpclient\4.5.5\httpclient-4.5.5.jar;C:\Users\ahmed.abdelstar\.m2\repository\org\apache\httpcomponents\httpcore\4.4.9\httpcore-4.4.9.jar;C:\Users\ahmed.abdelstar\.m2\repository\com\squareup\okhttp3\okhttp\3.10.0\okhttp-3.10.0.jar;C:\Users\ahmed.abdelstar\.m2\repository\com\squareup\okio\okio\1.14.1\okio-1.14.1.jar;C:\Users\ahmed.abdelstar\.m2\repository\org\testng\testng\6.8.8\testng-6.8.8.jar;C:\Users\ahmed.abdelstar\.m2\repository\org\beanshell\bsh\2.0b4\bsh-2.0b4.jar;C:\Users\ahmed.abdelstar\.m2\repository\com\beust\jcommander\1.27\jcommander-1.27.jar;C:\Users\ahmed.abdelstar\.m2\repository\io\appium\java-client\5.0.4\java-client-5.0.4.jar;C:\Users\ahmed.abdelstar\.m2\repository\cglib\cglib\3.2.5\cglib-3.2.5.jar;C:\Users\ahmed.abdelstar\.m2\repository\org\ow2\asm\asm\6.0_ALPHA\asm-6.0_ALPHA.jar;C:\Users\ahmed.abdelstar\.m2\repository\org\apache\ant\ant\1.9.6\ant-1.9.6.jar;C:\Users\ahmed.abdelstar\.m2\repository\org\apache\ant\ant-launcher\1.9.6\ant-launcher-1.9.6.jar;C:\Users\ahmed.abdelstar\.m2\repository\commons-validator\commons-validator\1.6\commons-validator-1.6.jar;C:\Users\ahmed.abdelstar\.m2\repository\commons-beanutils\commons-beanutils\1.9.2\commons-beanutils-1.9.2.jar;C:\Users\ahmed.abdelstar\.m2\repository\commons-digester\commons-digester\1.8.1\commons-digester-1.8.1.jar;C:\Users\ahmed.abdelstar\.m2\repository\commons-collections\commons-collections\3.2.2\commons-collections-3.2.2.jar;C:\Users\ahmed.abdelstar\.m2\repository\org\apache\commons\commons-lang3\3.6\commons-lang3-3.6.jar;C:\Users\ahmed.abdelstar\.m2\repository\org\springframework\spring-context\5.0.0.RELEASE\spring-context-5.0.0.RELEASE.jar;C:\Users\ahmed.abdelstar\.m2\repository\org\springframework\spring-aop\5.0.0.RELEASE\spring-aop-5.0.0.RELEASE.jar;C:\Users\ahmed.abdelstar\.m2\repository\org\springframework\spring-beans\5.0.0.RELEASE\spring-beans-5.0.0.RELEASE.jar;C:\Users\ahmed.abdelstar\.m2\repository\org\springframework\spring-core\5.0.0.RELEASE\spring-core-5.0.0.RELEASE.jar;C:\Users\ahmed.abdelstar\.m2\repository\org\springframework\spring-jcl\5.0.0.RELEASE\spring-jcl-5.0.0.RELEASE.jar;C:\Users\ahmed.abdelstar\.m2\repository\org\springframework\spring-expression\5.0.0.RELEASE\spring-expression-5.0.0.RELEASE.jar;C:\Users\ahmed.abdelstar\.m2\repository\org\aspectj\aspectjweaver\1.8.11\aspectjweaver-1.8.11.jar;C:\Users\ahmed.abdelstar\.m2\repository\org\openpnp\opencv\3.2.0-1\opencv-3.2.0-1.jar;C:\Users\ahmed.abdelstar\.m2\repository\com\aventstack\extentreports\3.1.5\extentreports-3.1.5.jar;C:\Users\ahmed.abdelstar\.m2\repository\org\freemarker\freemarker\2.3.23\freemarker-2.3.23.jar;C:\Users\ahmed.abdelstar\.m2\repository\org\mongodb\mongodb-driver\3.3.0\mongodb-driver-3.3.0.jar;C:\Users\ahmed.abdelstar\.m2\repository\org\mongodb\bson\3.3.0\bson-3.3.0.jar;C:\Users\ahmed.abdelstar\.m2\repository\org\mongodb\mongodb-driver-core\3.3.0\mongodb-driver-core-3.3.0.jar;C:\Users\ahmed.abdelstar\.m2\repository\org\apache\httpcomponents\httpmime\4.5.2\httpmime-4.5.2.jar;C:\Users\ahmed.abdelstar\.m2\repository\org\jsoup\jsoup\1.9.2\jsoup-1.9.2.jar;C:\Users\ahmed.abdelstar\.m2\repository\com\relevantcodes\extentreports\2.41.2\extentreports-2.41.2.jar;C:\Users\ahmed.abdelstar\.m2\repository\org\xerial\sqlite-jdbc\3.8.11.1\sqlite-jdbc-3.8.11.1.jar;C:\Users\ahmed.abdelstar\.m2\repository\io\qameta\allure\allure-testng\2.17.2\allure-testng-2.17.2.jar;C:\Users\ahmed.abdelstar\.m2\repository\io\qameta\allure\allure-java-commons\2.17.2\allure-java-commons-2.17.2.jar;C:\Users\ahmed.abdelstar\.m2\repository\io\qameta\allure\allure-model\2.17.2\allure-model-2.17.2.jar;C:\Users\ahmed.abdelstar\.m2\repository\io\qameta\allure\allure-test-filter\2.17.2\allure-test-filter-2.17.2.jar;C:\Users\ahmed.abdelstar\.m2\repository\org\apache\poi\poi-ooxml\3.8-beta4\poi-ooxml-3.8-beta4.jar;C:\Users\ahmed.abdelstar\.m2\repository\org\apache\poi\poi\3.8-beta4\poi-3.8-beta4.jar;C:\Users\ahmed.abdelstar\.m2\repository\org\apache\poi\poi-ooxml-schemas\3.8-beta4\poi-ooxml-schemas-3.8-beta4.jar;C:\Users\ahmed.abdelstar\.m2\repository\org\apache\xmlbeans\xmlbeans\2.3.0\xmlbeans-2.3.0.jar;C:\Users\ahmed.abdelstar\.m2\repository\stax\stax-api\1.0.1\stax-api-1.0.1.jar;C:\Users\ahmed.abdelstar\.m2\repository\dom4j\dom4j\1.6.1\dom4j-1.6.1.jar;C:\Users\ahmed.abdelstar\.m2\repository\xml-apis\xml-apis\1.0.b2\xml-apis-1.0.b2.jar;C:\Users\ahmed.abdelstar\.m2\repository\org\slf4j\slf4j-api\1.8.0-beta4\slf4j-api-1.8.0-beta4.jar;C:\Users\ahmed.abdelstar\.m2\repository\org\slf4j\slf4j-simple\1.8.0-beta4\slf4j-simple-1.8.0-beta4.jar;C:\Users\ahmed.abdelstar\.m2\repository\junit\junit\4.13.2\junit-4.13.2.jar;C:\Users\ahmed.abdelstar\.m2\repository\org\hamcrest\hamcrest-core\1.3\hamcrest-core-1.3.jar;C:\Users\ahmed.abdelstar\.m2\repository\io\cucumber\cucumber-java\7.2.3\cucumber-java-7.2.3.jar;C:\Users\ahmed.abdelstar\.m2\repository\io\cucumber\cucumber-core\7.2.3\cucumber-core-7.2.3.jar;C:\Users\ahmed.abdelstar\.m2\repository\io\cucumber\cucumber-gherkin\7.2.3\cucumber-gherkin-7.2.3.jar;C:\Users\ahmed.abdelstar\.m2\repository\io\cucumber\cucumber-gherkin-messages\7.2.3\cucumber-gherkin-messages-7.2.3.jar;C:\Users\ahmed.abdelstar\.m2\repository\io\cucumber\messages\17.1.1\messages-17.1.1.jar;C:\Users\ahmed.abdelstar\.m2\repository\io\cucumber\tag-expressions\4.1.0\tag-expressions-4.1.0.jar;C:\Users\ahmed.abdelstar\.m2\repository\io\cucumber\cucumber-expressions\15.0.1\cucumber-expressions-15.0.1.jar;C:\Users\ahmed.abdelstar\.m2\repository\io\cucumber\datatable\7.2.3\datatable-7.2.3.jar;C:\Users\ahmed.abdelstar\.m2\repository\io\cucumber\cucumber-plugin\7.2.3\cucumber-plugin-7.2.3.jar;C:\Users\ahmed.abdelstar\.m2\repository\io\cucumber\docstring\7.2.3\docstring-7.2.3.jar;C:\Users\ahmed.abdelstar\.m2\repository\io\cucumber\html-formatter\17.0.0\html-formatter-17.0.0.jar;C:\Users\ahmed.abdelstar\.m2\repository\io\cucumber\ci-environment\8.1.0\ci-environment-8.1.0.jar;C:\Users\ahmed.abdelstar\.m2\repository\org\apiguardian\apiguardian-api\1.1.2\apiguardian-api-1.1.2.jar;C:\Users\ahmed.abdelstar\.m2\repository\io\github\bonigarcia\webdrivermanager\5.0.3\webdrivermanager-5.0.3.jar;C:\Users\ahmed.abdelstar\.m2\repository\com\github\docker-java\docker-java\3.2.12\docker-java-3.2.12.jar;C:\Users\ahmed.abdelstar\.m2\repository\com\github\docker-java\docker-java-core\3.2.12\docker-java-core-3.2.12.jar;C:\Users\ahmed.abdelstar\.m2\repository\com\github\docker-java\docker-java-api\3.2.12\docker-java-api-3.2.12.jar;C:\Users\ahmed.abdelstar\.m2\repository\com\fasterxml\jackson\core\jackson-annotations\2.10.3\jackson-annotations-2.10.3.jar;C:\Users\ahmed.abdelstar\.m2\repository\org\apache\commons\commons-compress\1.21\commons-compress-1.21.jar;C:\Users\ahmed.abdelstar\.m2\repository\commons-lang\commons-lang\2.6\commons-lang-2.6.jar;C:\Users\ahmed.abdelstar\.m2\repository\com\fasterxml\jackson\core\jackson-databind\2.10.3\jackson-databind-2.10.3.jar;C:\Users\ahmed.abdelstar\.m2\repository\com\fasterxml\jackson\core\jackson-core\2.10.3\jackson-core-2.10.3.jar;C:\Users\ahmed.abdelstar\.m2\repository\org\bouncycastle\bcpkix-jdk15on\1.64\bcpkix-jdk15on-1.64.jar;C:\Users\ahmed.abdelstar\.m2\repository\org\bouncycastle\bcprov-jdk15on\1.64\bcprov-jdk15on-1.64.jar;C:\Users\ahmed.abdelstar\.m2\repository\org\slf4j\jcl-over-slf4j\1.7.30\jcl-over-slf4j-1.7.30.jar;C:\Users\ahmed.abdelstar\.m2\repository\com\github\docker-java\docker-java-transport-httpclient5\3.2.12\docker-java-transport-httpclient5-3.2.12.jar;C:\Users\ahmed.abdelstar\.m2\repository\com\github\docker-java\docker-java-transport\3.2.12\docker-java-transport-3.2.12.jar;C:\Users\ahmed.abdelstar\.m2\repository\org\apache\httpcomponents\client5\httpclient5\5.0.3\httpclient5-5.0.3.jar;C:\Users\ahmed.abdelstar\.m2\repository\org\apache\httpcomponents\core5\httpcore5\5.0.2\httpcore5-5.0.2.jar;C:\Users\ahmed.abdelstar\.m2\repository\net\java\dev\jna\jna\5.8.0\jna-5.8.0.jar;C:\Users\ahmed.abdelstar\.m2\repository\org\brotli\dec\0.1.2\dec-0.1.2.jar;C:\Users\ahmed.abdelstar\.m2\repository\info\cukes\cucumber-junit\1.2.5\cucumber-junit-1.2.5.jar;C:\Users\ahmed.abdelstar\.m2\repository\info\cukes\cucumber-core\1.2.5\cucumber-core-1.2.5.jar;C:\Users\ahmed.abdelstar\.m2\repository\info\cukes\cucumber-html\0.2.3\cucumber-html-0.2.3.jar;C:\Users\ahmed.abdelstar\.m2\repository\info\cukes\cucumber-jvm-deps\1.0.5\cucumber-jvm-deps-1.0.5.jar;C:\Users\ahmed.abdelstar\.m2\repository\info\cukes\gherkin\2.12.2\gherkin-2.12.2.jar;C:\Users\ahmed.abdelstar\.m2\repository\info\cukes\cucumber-java\1.2.4\cucumber-java-1.2.4.jar;C:\Users\ahmed.abdelstar\.m2\repository\io\rest-assured\rest-assured\4.4.0\rest-assured-4.4.0.jar;C:\Users\ahmed.abdelstar\.m2\repository\org\codehaus\groovy\groovy\3.0.8\groovy-3.0.8.jar;C:\Users\ahmed.abdelstar\.m2\repository\org\codehaus\groovy\groovy-xml\3.0.8\groovy-xml-3.0.8.jar;C:\Users\ahmed.abdelstar\.m2\repository\org\hamcrest\hamcrest\2.1\hamcrest-2.1.jar;C:\Users\ahmed.abdelstar\.m2\repository\org\ccil\cowan\tagsoup\tagsoup\1.2.1\tagsoup-1.2.1.jar;C:\Users\ahmed.abdelstar\.m2\repository\io\rest-assured\json-path\4.4.0\json-path-4.4.0.jar;C:\Users\ahmed.abdelstar\.m2\repository\org\codehaus\groovy\groovy-json\3.0.8\groovy-json-3.0.8.jar;C:\Users\ahmed.abdelstar\.m2\repository\io\rest-assured\rest-assured-common\4.4.0\rest-assured-common-4.4.0.jar;C:\Users\ahmed.abdelstar\.m2\repository\io\rest-assured\xml-path\4.4.0\xml-path-4.4.0.jar;C:\Users\ahmed.abdelstar\.m2\repository\jakarta\xml\bind\jakarta.xml.bind-api\2.3.3\jakarta.xml.bind-api-2.3.3.jar;C:\Users\ahmed.abdelstar\.m2\repository\jakarta\activation\jakarta.activation-api\1.2.2\jakarta.activation-api-1.2.2.jar;C:\Users\ahmed.abdelstar\.m2\repository\com\sun\xml\bind\jaxb-impl\2.3.3\jaxb-impl-2.3.3.jar;C:\Users\ahmed.abdelstar\.m2\repository\org\apache\maven\surefire\surefire-testng-utils\2.22.0\surefire-testng-utils-2.22.0.jar;C:\Users\ahmed.abdelstar\.m2\repository\org\apache\maven\surefire\surefire-grouper\2.22.0\surefire-grouper-2.22.0.jar;"/>
    <property name="sun.cpu.endian" value="little"/>
    <property name="user.home" value="C:\Users\ahmed.abdelstar"/>
    <property name="user.language" value="en"/>
    <property name="java.specification.vendor" value="Oracle Corporation"/>
    <property name="java.version.date" value="2021-09-14"/>
    <property name="java.home" value="C:\Program Files\Java\jdk-17"/>
    <property name="file.separator" value="\"/>
    <property name="basedir" value="C:\Users\ahmed.abdelstar\eclipse-workspace\RestAssured3"/>
    <property name="java.vm.compressedOopsMode" value="Zero based"/>
    <property name="line.separator" value="&#10;"/>
    <property name="java.vm.specification.vendor" value="Oracle Corporation"/>
    <property name="java.specification.name" value="Java Platform API Specification"/>
    <property name="surefire.real.class.path" value="C:\Users\AHMED~1.ABD\AppData\Local\Temp\surefire11635524533756943466\surefirebooter2018355794380930872.jar"/>
    <property name="user.script" value=""/>
    <property name="sun.management.compiler" value="HotSpot 64-Bit Tiered Compilers"/>
    <property name="java.runtime.version" value="17+35-LTS-2724"/>
    <property name="user.name" value="ahmed.abdelstar"/>
    <property name="path.separator" value=";"/>
    <property name="os.version" value="10.0"/>
    <property name="java.runtime.name" value="Java(TM) SE Runtime Environment"/>
    <property name="file.encoding" value="Cp1252"/>
    <property name="java.vm.name" value="Java HotSpot(TM) 64-Bit Server VM"/>
    <property name="localRepository" value="C:\Users\ahmed.abdelstar\.m2\repository"/>
    <property name="java.vendor.url.bug" value="https://bugreport.java.com/bugreport/"/>
    <property name="java.io.tmpdir" value="C:\Users\AHMED~1.ABD\AppData\Local\Temp\"/>
    <property name="java.version" value="17"/>
    <property name="user.dir" value="C:\Users\ahmed.abdelstar\eclipse-workspace\RestAssured3"/>
    <property name="os.arch" value="amd64"/>
    <property name="java.vm.specification.name" value="Java Virtual Machine Specification"/>
    <property name="sun.os.patch.level" value=""/>
    <property name="native.encoding" value="Cp1252"/>
    <property name="java.library.path" value="C:\Program Files\Java\jdk-17\bin;C:\Windows\Sun\Java\bin;C:\Windows\system32;C:\Windows;C:\Python310\Scripts\;C:\Python310\;C:\Program Files\Common Files\Oracle\Java\javapath;C:\Program Files (x86)\Common Files\Oracle\Java\javapath;C:\Windows\system32;C:\Windows;C:\Windows\System32\Wbem;C:\Windows\System32\WindowsPowerShell\v1.0\;C:\Windows\System32\OpenSSH\;C:\Program Files (x86)\Microsoft SQL Server\150\DTS\Binn\;D:\EXCEL Systems\apache-jmeter-5.4.1\apache-jmeter-5.4.1\bin;D:\Ahmed\istqb\Selenium Course\apache-maven-3.8.4-bin\apache-maven-3.8.4\bin;C:\Program Files\Git\cmd;C:\Program Files\Java\jdk-17\bin;D:\Ahmed\istqb\Selenium Course\allure-commandline-2.9.0\allure-2.9.0\bin;C:\Program Files\dotnet\;C:\Program Files\nodejs\;C:\Program Files\nodejs\node_modules\npm\bin;C:\Users\ahmed.abdelstar\AppData\Local\Android\Sdk\tools\bin;C:\Users\ahmed.abdelstar\AppData\Local\Android\Sdk\platform-tools;C:\Users\ahmed.abdelstar\AppData\Local\Android\Sdk\cmdline-tools\bin;C:\Users\ahmed.abdelstar\AppData\Local\Microsoft\WindowsApps;C:\Users\ahmed.abdelstar\AppData\Local\GitHubDesktop\bin;C:\Users\ahmed.abdelstar\AppData\Roaming\npm;C:\Users\ahmed.abdelstar\AppData\Local\Programs\Microsoft VS Code\bin;."/>
    <property name="java.vm.info" value="mixed mode, sharing"/>
    <property name="java.vendor" value="Oracle Corporation"/>
    <property name="java.vm.version" value="17+35-LTS-2724"/>
    <property name="sun.io.unicode.encoding" value="UnicodeLittle"/>
    <property name="java.class.version" value="61.0"/>
  </properties>
  <testcase name="before_Method" classname="testCases.LoginTest" time="2.174">
    <failure message="session not created: This version of ChromeDriver only supports Chrome version 100&#10;Current browser version is 104.0.5112.102 with binary path C:\Program Files\Google\Chrome\Application\chrome.exe&#10;Build info: version: &apos;3.13.0&apos;, revision: &apos;2f0d292&apos;, time: &apos;2018-06-25T15:24:21.231Z&apos;&#10;System info: host: &apos;A-ABDELSATAR&apos;, ip: &apos;10.10.10.35&apos;, os.name: &apos;Windows 10&apos;, os.arch: &apos;amd64&apos;, os.version: &apos;10.0&apos;, java.version: &apos;17&apos;&#10;Driver info: driver.version: ChromeDriver&#10;remote stacktrace: Backtrace:&#10;	Ordinal0 [0x00BB7413+2389011]&#10;	Ordinal0 [0x00B49F61+1941345]&#10;	Ordinal0 [0x00A3C658+837208]&#10;	Ordinal0 [0x00A5C773+968563]&#10;	Ordinal0 [0x00A5837A+951162]&#10;	Ordinal0 [0x00A55C51+941137]&#10;	Ordinal0 [0x00A88C80+1150080]&#10;	Ordinal0 [0x00A888DA+1149146]&#10;	Ordinal0 [0x00A83F66+1130342]&#10;	Ordinal0 [0x00A5E546+976198]&#10;	Ordinal0 [0x00A5F456+980054]&#10;	GetHandleVerifier [0x00D69632+1727522]&#10;	GetHandleVerifier [0x00E1BA4D+2457661]&#10;	GetHandleVerifier [0x00C4EB81+569713]&#10;	GetHandleVerifier [0x00C4DD76+566118]&#10;	Ordinal0 [0x00B50B2B+1968939]&#10;	Ordinal0 [0x00B55988+1989000]&#10;	Ordinal0 [0x00B55A75+1989237]&#10;	Ordinal0 [0x00B5ECB1+2026673]&#10;	BaseThreadInitThunk [0x771C0419+25]&#10;	RtlGetAppContainerNamedObjectPath [0x778872ED+237]&#10;	RtlGetAppContainerNamedObjectPath [0x778872BD+189]&#10;" type="org.openqa.selenium.SessionNotCreatedException">org.openqa.selenium.SessionNotCreatedException: 
session not created: This version of ChromeDriver only supports Chrome version 100
Current browser version is 104.0.5112.102 with binary path C:\Program Files\Google\Chrome\Application\chrome.exe
Build info: version: '3.13.0', revision: '2f0d292', time: '2018-06-25T15:24:21.231Z'
System info: host: 'A-ABDELSATAR', ip: '10.10.10.35', os.name: 'Windows 10', os.arch: 'amd64', os.version: '10.0', java.version: '17'
Driver info: driver.version: ChromeDriver
remote stacktrace: Backtrace:
	Ordinal0 [0x00BB7413+2389011]
	Ordinal0 [0x00B49F61+1941345]
	Ordinal0 [0x00A3C658+837208]
	Ordinal0 [0x00A5C773+968563]
	Ordinal0 [0x00A5837A+951162]
	Ordinal0 [0x00A55C51+941137]
	Ordinal0 [0x00A88C80+1150080]
	Ordinal0 [0x00A888DA+1149146]
	Ordinal0 [0x00A83F66+1130342]
	Ordinal0 [0x00A5E546+976198]
	Ordinal0 [0x00A5F456+980054]
	GetHandleVerifier [0x00D69632+1727522]
	GetHandleVerifier [0x00E1BA4D+2457661]
	GetHandleVerifier [0x00C4EB81+569713]
	GetHandleVerifier [0x00C4DD76+566118]
	Ordinal0 [0x00B50B2B+1968939]
	Ordinal0 [0x00B55988+1989000]
	Ordinal0 [0x00B55A75+1989237]
	Ordinal0 [0x00B5ECB1+2026673]
	BaseThreadInitThunk [0x771C0419+25]
	RtlGetAppContainerNamedObjectPath [0x778872ED+237]
	RtlGetAppContainerNamedObjectPath [0x778872BD+189]

</failure>
    <system-err><![CDATA[[main] ERROR io.qameta.allure.AllureLifecycle - Could not update test fixture: test fixture with uuid 9ffabd02-b730-42e2-ab1b-0bbcd0eec814 not found
[main] ERROR io.qameta.allure.AllureLifecycle - Could not stop test fixture: test fixture with uuid 9ffabd02-b730-42e2-ab1b-0bbcd0eec814 not found
Starting ChromeDriver 100.0.4896.60 (6a5d10861ce8de5fce22564658033b43cb7de047-refs/branch-heads/4896@{#875}) on port 24494
Only local connections are allowed.
Please see https://chromedriver.chromium.org/security-considerations for suggestions on keeping ChromeDriver safe.
ChromeDriver was started successfully.
[main] ERROR io.qameta.allure.AllureLifecycle - Could not update test fixture: test fixture with uuid 9d3e44fa-41d3-4c1a-aa03-8b95b97cb573 not found
[main] ERROR io.qameta.allure.AllureLifecycle - Could not stop test fixture: test fixture with uuid 9d3e44fa-41d3-4c1a-aa03-8b95b97cb573 not found
[main] ERROR io.qameta.allure.AllureLifecycle - Could not stop test container: container with uuid bbbaa990-980d-4c1b-96d8-7ec34a56c190 not found
[main] ERROR io.qameta.allure.AllureLifecycle - Could not write test container: container with uuid bbbaa990-980d-4c1b-96d8-7ec34a56c190 not found
]]></system-err>
  </testcase>
  <testcase name="before_Method" classname="testCases.LoginTest" time="0">
    <skipped/>
  </testcase>
  <testcase name="get_Title" classname="testCases.LoginTest" time="0">
    <skipped/>
  </testcase>
  <testcase name="after_Method" classname="testCases.LoginTest" time="0">
    <skipped/>
  </testcase>
  <testcase name="after_Method" classname="testCases.LoginTest" time="0">
    <skipped/>
  </testcase>
  <testcase name="get_Url" classname="testCases.LoginTest" time="0">
    <skipped/>
  </testcase>
  <testcase name="before_Method" classname="testCases.Rest1Test" time="0">
    <skipped/>
  </testcase>
  <testcase name="before_Method" classname="testCases.Rest1Test" time="0">
    <skipped/>
  </testcase>
  <testcase name="before_Method" classname="testCases.Rest1Test" time="0">
    <skipped/>
  </testcase>
  <testcase name="before_Method" classname="testCases.Rest1Test" time="0">
    <skipped/>
  </testcase>
  <testcase name="before_Method" classname="testCases.Rest1Test" time="0">
    <skipped/>
  </testcase>
  <testcase name="before_Method" classname="testCases.Rest1Test" time="0">
    <skipped/>
  </testcase>
  <testcase name="before_Method" classname="testCases.Rest1Test" time="0">
    <skipped/>
  </testcase>
  <testcase name="before_Method" classname="testCases.Rest1Test" time="0">
    <skipped/>
  </testcase>
  <testcase name="before_Method" classname="testCases.Rest1Test" time="0">
    <skipped/>
  </testcase>
  <testcase name="before_Method" classname="testCases.Rest1Test" time="0">
    <skipped/>
  </testcase>
  <testcase name="before_Method" classname="testCases.Rest1Test" time="0">
    <skipped/>
  </testcase>
  <testcase name="before_Method" classname="testCases.Rest1Test" time="0">
    <skipped/>
  </testcase>
  <testcase name="check_Datajson" classname="testCases.Rest1Test" time="0">
    <skipped/>
  </testcase>
  <testcase name="after_Method" classname="testCases.Rest1Test" time="0">
    <skipped/>
  </testcase>
  <testcase name="after_Method" classname="testCases.Rest1Test" time="0">
    <skipped/>
  </testcase>
  <testcase name="after_Method" classname="testCases.Rest1Test" time="0">
    <skipped/>
  </testcase>
  <testcase name="after_Method" classname="testCases.Rest1Test" time="0">
    <skipped/>
  </testcase>
  <testcase name="after_Method" classname="testCases.Rest1Test" time="0">
    <skipped/>
  </testcase>
  <testcase name="after_Method" classname="testCases.Rest1Test" time="0">
    <skipped/>
  </testcase>
  <testcase name="after_Method" classname="testCases.Rest1Test" time="0">
    <skipped/>
  </testcase>
  <testcase name="after_Method" classname="testCases.Rest1Test" time="0">
    <skipped/>
  </testcase>
  <testcase name="after_Method" classname="testCases.Rest1Test" time="0">
    <skipped/>
  </testcase>
  <testcase name="after_Method" classname="testCases.Rest1Test" time="0">
    <skipped/>
  </testcase>
  <testcase name="after_Method" classname="testCases.Rest1Test" time="0">
    <skipped/>
  </testcase>
  <testcase name="after_Method" classname="testCases.Rest1Test" time="0">
    <skipped/>
  </testcase>
  <testcase name="check_Status" classname="testCases.Rest1Test" time="0">
    <skipped/>
  </testcase>
  <testcase name="check_data2" classname="testCases.Rest1Test" time="0">
    <skipped/>
  </testcase>
  <testcase name="getPageData" classname="testCases.Rest1Test" time="0">
    <skipped/>
  </testcase>
  <testcase name="getTitle" classname="testCases.Rest1Test" time="0">
    <skipped/>
  </testcase>
  <testcase name="getURL" classname="testCases.Rest1Test" time="0">
    <skipped/>
  </testcase>
  <testcase name="restTest2Statuscode" classname="testCases.Rest1Test" time="0">
    <skipped/>
  </testcase>
  <testcase name="test_all_rest" classname="testCases.Rest1Test" time="0">
    <skipped/>
  </testcase>
  <testcase name="test_all_rest" classname="testCases.Rest1Test" time="0">
    <skipped/>
  </testcase>
  <testcase name="test_all_rest" classname="testCases.Rest1Test" time="0">
    <skipped/>
  </testcase>
  <testcase name="test_all_rest" classname="testCases.Rest1Test" time="0">
    <skipped/>
  </testcase>
  <testcase name="test_all_rest" classname="testCases.Rest1Test" time="0">
    <skipped/>
  </testcase>
  <testcase name="after_Suite" classname="testCases.Extent" time="0">
    <skipped/>
  </testcase>
</testsuite>