<?xml version="1.0" encoding="UTF-8"?>
<!-- Generated by org.testng.reporters.JUnitReportReporter -->
<testsuite hostname="A-ABDELSATAR" failures="0" tests="1" name="gaeb_testCases.LoginPageTest" time="4.709" errors="0" timestamp="2022-01-05T14:37:44 EET" skipped="0">
  <testcase classname="gaeb_testCases.LoginPageTest" name="getTitle" time="4.709"/>
  <system-out/>
</testsuite> <!-- gaeb_testCases.LoginPageTest -->
