<?xml version="1.0" encoding="UTF-8"?>
<!-- Generated by org.testng.reporters.JUnitReportReporter -->
<testsuite hostname="A-ABDELSATAR" failures="0" tests="1" name="gaeb_testCases.LoginPageTest" time="6.909" errors="0" timestamp="2022-03-06T18:16:32 EET" skipped="0">
  <testcase classname="gaeb_testCases.LoginPageTest" name="getTitle" time="6.909"/>
  <system-out/>
</testsuite> <!-- gaeb_testCases.LoginPageTest -->
