<?xml version="1.0" encoding="UTF-8"?>
<!-- Generated by org.testng.reporters.JUnitReportReporter -->
<testsuite hostname="A-ABDELSATAR" failures="0" tests="1" name="testCases.Hotest2" time="2.828" errors="0" timestamp="23 Feb 2022 10:31:11 GMT">
  <testcase classname="testCases.Hotest2" name="test2" time="2.828"/>
</testsuite> <!-- testCases.Hotest2 -->
