<?xml version="1.0" encoding="UTF-8"?>
<!-- Generated by org.testng.reporters.JUnitReportReporter -->
<testsuite hostname="A-ABDELSATAR" failures="0" tests="1" name="configrations.BaseTest" time="8.193" errors="0" timestamp="31 May 2022 13:02:27 GMT">
  <testcase classname="configrations.BaseTest" name="beforeStartTest" time="8.193"/>
</testsuite> <!-- configrations.BaseTest -->
