<?xml version="1.0" encoding="UTF-8"?>
<!-- Generated by org.testng.reporters.JUnitReportReporter -->
<testsuite hostname="A-ABDELSATAR" failures="0" tests="1" name="pagesTest.TaxPage105Test" time="104.252" errors="0" timestamp="2022-08-24T15:35:15 EET" skipped="0">
  <testcase classname="pagesTest.TaxPage105Test" name="get_TaxNames" time="104.252"/>
  <system-out/>
</testsuite> <!-- pagesTest.TaxPage105Test -->
