<?xml version="1.0" encoding="UTF-8"?>
<!-- Generated by org.testng.reporters.JUnitReportReporter -->
<testsuite hostname="A-ABDELSATAR" failures="0" tests="1" name="pagesTest.TaxPage103Test" time="74.769" errors="0" timestamp="2022-08-24T15:35:15 EET" skipped="0">
  <testcase classname="pagesTest.TaxPage103Test" name="get_TaxNames" time="74.769"/>
  <system-out/>
</testsuite> <!-- pagesTest.TaxPage103Test -->
