<?xml version="1.0" encoding="UTF-8"?>
<!-- Generated by org.testng.reporters.JUnitReportReporter -->
<testsuite hostname="A-ABDELSATAR" failures="0" tests="1" name="testCases.HomePageTest" time="4.803" errors="0" timestamp="20 Feb 2022 14:59:06 GMT">
  <testcase classname="testCases.HomePageTest" name="test_homePage4" time="4.803"/>
</testsuite> <!-- testCases.HomePageTest -->
