<?xml version="1.0" encoding="UTF-8"?>
<!-- Generated by org.testng.reporters.JUnitReportReporter -->
<testsuite hostname="A-ABDELSATAR" failures="0" tests="2" name="testCases.LoginPageTest" time="3.679" errors="0" timestamp="19 Jan 2022 15:03:09 GMT">
  <testcase classname="testCases.LoginPageTest" name="Test1" time="2.083"/>
  <testcase classname="testCases.LoginPageTest" name="Test2" time="1.596"/>
</testsuite> <!-- testCases.LoginPageTest -->
