<?xml version="1.0" encoding="UTF-8"?>
<!-- Generated by org.testng.reporters.JUnitReportReporter -->
<testsuite hostname="A-ABDELSATAR" failures="0" tests="1" name="testCases.HomePageTest" time="4.659" errors="0" timestamp="19 Jan 2022 15:03:09 GMT">
  <testcase classname="testCases.HomePageTest" name="test_homePage4" time="4.659"/>
</testsuite> <!-- testCases.HomePageTest -->
