<?xml version="1.0" encoding="UTF-8"?>
<!-- Generated by org.testng.reporters.JUnitReportReporter -->
<testsuite hostname="A-ABDELSATAR" failures="0" tests="2" name="testCases.LoginPageTest" time="4.216" errors="0" timestamp="20 Feb 2022 14:59:06 GMT">
  <testcase classname="testCases.LoginPageTest" name="Test1" time="2.121"/>
  <testcase classname="testCases.LoginPageTest" name="Test2" time="2.095"/>
</testsuite> <!-- testCases.LoginPageTest -->
