<?xml version="1.0" encoding="UTF-8"?>
<!-- Generated by org.testng.reporters.JUnitReportReporter -->
<testsuite hostname="A-ABDELSATAR" failures="0" tests="5" name="Learning.RestAssured2.Resrtclass1" time="2.802" errors="0" timestamp="2022-02-15T09:25:59 EET" skipped="0">
  <testcase classname="Learning.RestAssured2.Resrtclass1" name="restTest2Statuscode" time="0.167"/>
  <system-out/>
  <testcase classname="Learning.RestAssured2.Resrtclass1" name="restTest3containsdata" time="0.168"/>
  <system-out/>
  <testcase classname="Learning.RestAssured2.Resrtclass1" name="getPageData" time="0.162"/>
  <system-out/>
  <testcase classname="Learning.RestAssured2.Resrtclass1" name="restTest1" time="0.208"/>
  <system-out/>
  <testcase classname="Learning.RestAssured2.Resrtclass1" name="Test1" time="2.097"/>
  <system-out/>
</testsuite> <!-- Learning.RestAssured2.Resrtclass1 -->
