<?xml version="1.0" encoding="UTF-8"?>
<!-- Generated by org.testng.reporters.JUnitReportReporter -->
<testsuite hostname="A-ABDELSATAR" failures="0" tests="1" name="lessons.NativeApp" time="12.986" errors="0" timestamp="2022-04-18T01:34:48 EET" skipped="0">
  <testcase classname="lessons.NativeApp" name="nativeTest" time="12.986"/>
  <system-out/>
</testsuite> <!-- lessons.NativeApp -->
