<?xml version="1.0" encoding="UTF-8"?>
<!-- Generated by org.testng.reporters.JUnitReportReporter -->
<testsuite hostname="A-ABDELSATAR" failures="0" tests="1" name="lessons.Installedappatdevice" time="36.068" errors="0" timestamp="2022-04-22T16:28:09 EET" skipped="0">
  <testcase classname="lessons.Installedappatdevice" name="insatlledapp" time="36.068"/>
  <system-out/>
</testsuite> <!-- lessons.Installedappatdevice -->
